{"D:\\Documentos\\New OpenCode Project\\src\\config\\agenda.ts": {"path":"D:\\Documentos\\New OpenCode Project\\src\\config\\agenda.ts","statementMap":{"0":{"start":{"line":7,"column":75},"end":{"line":12,"column":null}},"1":{"start":{"line":15,"column":77},"end":{"line":18,"column":null}},"2":{"start":{"line":21,"column":62},"end":{"line":26,"column":null}},"3":{"start":{"line":29,"column":134},"end":{"line":36,"column":null}}},"fnMap":{},"branchMap":{},"s":{"0":0,"1":0,"2":0,"3":0},"f":{},"b":{},"meta":{"lastBranch":0,"lastFunction":0,"lastStatement":4,"seen":{"s:7:75:12:Infinity":0,"s:15:77:18:Infinity":1,"s:21:62:26:Infinity":2,"s:29:134:36:Infinity":3},"fnNames":{}}}
,"D:\\Documentos\\New OpenCode Project\\src\\config\\alertas.ts": {"path":"D:\\Documentos\\New OpenCode Project\\src\\config\\alertas.ts","statementMap":{"0":{"start":{"line":5,"column":33},"end":{"line":14,"column":null}},"1":{"start":{"line":30,"column":69},"end":{"line":35,"column":null}}},"fnMap":{},"branchMap":{},"s":{"0":1,"1":1},"f":{},"b":{},"meta":{"lastBranch":0,"lastFunction":0,"lastStatement":2,"seen":{"s:5:33:14:Infinity":0,"s:30:69:35:Infinity":1},"fnNames":{}}}
,"D:\\Documentos\\New OpenCode Project\\src\\config\\cores.ts": {"path":"D:\\Documentos\\New OpenCode Project\\src\\config\\cores.ts","statementMap":{"0":{"start":{"line":6,"column":55},"end":{"line":16,"column":null}},"1":{"start":{"line":19,"column":62},"end":{"line":24,"column":null}},"2":{"start":{"line":27,"column":59},"end":{"line":32,"column":null}},"3":{"start":{"line":35,"column":60},"end":{"line":40,"column":null}}},"fnMap":{},"branchMap":{},"s":{"0":0,"1":0,"2":0,"3":0},"f":{},"b":{},"meta":{"lastBranch":0,"lastFunction":0,"lastStatement":4,"seen":{"s:6:55:16:Infinity":0,"s:19:62:24:Infinity":1,"s:27:59:32:Infinity":2,"s:35:60:40:Infinity":3},"fnNames":{}}}
,"D:\\Documentos\\New OpenCode Project\\src\\config\\documentos.ts": {"path":"D:\\Documentos\\New OpenCode Project\\src\\config\\documentos.ts","statementMap":{"0":{"start":{"line":12,"column":74},"end":{"line":23,"column":null}},"1":{"start":{"line":26,"column":81},"end":{"line":32,"column":null}}},"fnMap":{},"branchMap":{},"s":{"0":0,"1":0},"f":{},"b":{},"meta":{"lastBranch":0,"lastFunction":0,"lastStatement":2,"seen":{"s:12:74:23:Infinity":0,"s:26:81:32:Infinity":1},"fnNames":{}}}
,"D:\\Documentos\\New OpenCode Project\\src\\config\\kpis.ts": {"path":"D:\\Documentos\\New OpenCode Project\\src\\config\\kpis.ts","statementMap":{"0":{"start":{"line":5,"column":34},"end":{"line":12,"column":null}},"1":{"start":{"line":15,"column":75},"end":{"line":22,"column":null}},"2":{"start":{"line":36,"column":15},"end":{"line":43,"column":null}},"3":{"start":{"line":44,"column":21},"end":{"line":44,"column":null}},"4":{"start":{"line":44,"column":54},"end":{"line":44,"column":61}},"5":{"start":{"line":45,"column":2},"end":{"line":45,"column":null}}},"fnMap":{"0":{"name":"calcularPercentualKPI","decl":{"start":{"line":28,"column":16},"end":{"line":28,"column":38}},"loc":{"start":{"line":35,"column":46},"end":{"line":46,"column":null}},"line":35},"1":{"name":"(anonymous_1)","decl":{"start":{"line":44,"column":37},"end":{"line":44,"column":45}},"loc":{"start":{"line":44,"column":54},"end":{"line":44,"column":61}},"line":44}},"branchMap":{"0":{"loc":{"start":{"line":45,"column":31},"end":{"line":45,"column":83}},"type":"cond-expr","locations":[{"start":{"line":45,"column":51},"end":{"line":45,"column":67}},{"start":{"line":45,"column":67},"end":{"line":45,"column":83}}],"line":45}},"s":{"0":2,"1":2,"2":4,"3":4,"4":24,"5":4},"f":{"0":4,"1":24},"b":{"0":[2,2]},"meta":{"lastBranch":1,"lastFunction":2,"lastStatement":6,"seen":{"s:5:34:12:Infinity":0,"s:15:75:22:Infinity":1,"f:28:16:28:38":0,"s:36:15:43:Infinity":2,"s:44:21:44:Infinity":3,"f:44:37:44:45":1,"s:44:54:44:61":4,"s:45:2:45:Infinity":5,"b:45:51:45:67:45:67:45:83":0},"fnNames":{}}}
,"D:\\Documentos\\New OpenCode Project\\src\\config\\metas.ts": {"path":"D:\\Documentos\\New OpenCode Project\\src\\config\\metas.ts","statementMap":{"0":{"start":{"line":5,"column":38},"end":{"line":11,"column":null}},"1":{"start":{"line":17,"column":2},"end":{"line":23,"column":null}},"2":{"start":{"line":31,"column":15},"end":{"line":37,"column":null}},"3":{"start":{"line":38,"column":2},"end":{"line":38,"column":null}},"4":{"start":{"line":38,"column":42},"end":{"line":38,"column":49}}},"fnMap":{"0":{"name":"metaMensalEquipe","decl":{"start":{"line":16,"column":16},"end":{"line":16,"column":33}},"loc":{"start":{"line":16,"column":68},"end":{"line":24,"column":null}},"line":16},"1":{"name":"calcularPercentualMeta","decl":{"start":{"line":27,"column":16},"end":{"line":27,"column":null}},"loc":{"start":{"line":30,"column":10},"end":{"line":39,"column":null}},"line":30},"2":{"name":"(anonymous_2)","decl":{"start":{"line":38,"column":25},"end":{"line":38,"column":33}},"loc":{"start":{"line":38,"column":42},"end":{"line":38,"column":49}},"line":38}},"branchMap":{"0":{"loc":{"start":{"line":32,"column":4},"end":{"line":32,"column":null}},"type":"cond-expr","locations":[{"start":{"line":32,"column":22},"end":{"line":32,"column":78}},{"start":{"line":32,"column":78},"end":{"line":32,"column":null}}],"line":32},"1":{"loc":{"start":{"line":33,"column":4},"end":{"line":33,"column":null}},"type":"cond-expr","locations":[{"start":{"line":33,"column":26},"end":{"line":33,"column":90}},{"start":{"line":33,"column":90},"end":{"line":33,"column":null}}],"line":33},"2":{"loc":{"start":{"line":34,"column":4},"end":{"line":34,"column":null}},"type":"cond-expr","locations":[{"start":{"line":34,"column":28},"end":{"line":34,"column":96}},{"start":{"line":34,"column":96},"end":{"line":34,"column":null}}],"line":34},"3":{"loc":{"start":{"line":35,"column":4},"end":{"line":35,"column":null}},"type":"cond-expr","locations":[{"start":{"line":35,"column":31},"end":{"line":35,"column":105}},{"start":{"line":35,"column":105},"end":{"line":35,"column":null}}],"line":35},"4":{"loc":{"start":{"line":36,"column":4},"end":{"line":36,"column":null}},"type":"cond-expr","locations":[{"start":{"line":36,"column":22},"end":{"line":36,"column":78}},{"start":{"line":36,"column":78},"end":{"line":36,"column":null}}],"line":36}},"s":{"0":0,"1":0,"2":0,"3":0,"4":0},"f":{"0":0,"1":0,"2":0},"b":{"0":[0,0],"1":[0,0],"2":[0,0],"3":[0,0],"4":[0,0]},"meta":{"lastBranch":5,"lastFunction":3,"lastStatement":5,"seen":{"s:5:38:11:Infinity":0,"f:16:16:16:33":0,"s:17:2:23:Infinity":1,"f:27:16:27:Infinity":1,"s:31:15:37:Infinity":2,"b:32:22:32:78:32:78:32:Infinity":0,"b:33:26:33:90:33:90:33:Infinity":1,"b:34:28:34:96:34:96:34:Infinity":2,"b:35:31:35:105:35:105:35:Infinity":3,"b:36:22:36:78:36:78:36:Infinity":4,"s:38:2:38:Infinity":3,"f:38:25:38:33":2,"s:38:42:38:49":4},"fnNames":{}}}
,"D:\\Documentos\\New OpenCode Project\\src\\config\\permissoes.ts": {"path":"D:\\Documentos\\New OpenCode Project\\src\\config\\permissoes.ts","statementMap":{"0":{"start":{"line":7,"column":60},"end":{"line":12,"column":null}},"1":{"start":{"line":15,"column":68},"end":{"line":20,"column":null}},"2":{"start":{"line":23,"column":92},"end":{"line":28,"column":null}},"3":{"start":{"line":31,"column":66},"end":{"line":42,"column":null}}},"fnMap":{},"branchMap":{},"s":{"0":0,"1":0,"2":0,"3":0},"f":{},"b":{},"meta":{"lastBranch":0,"lastFunction":0,"lastStatement":4,"seen":{"s:7:60:12:Infinity":0,"s:15:68:20:Infinity":1,"s:23:92:28:Infinity":2,"s:31:66:42:Infinity":3},"fnNames":{}}}
,"D:\\Documentos\\New OpenCode Project\\src\\config\\pipeline.ts": {"path":"D:\\Documentos\\New OpenCode Project\\src\\config\\pipeline.ts","statementMap":{"0":{"start":{"line":8,"column":64},"end":{"line":19,"column":null}},"1":{"start":{"line":22,"column":62},"end":{"line":33,"column":null}},"2":{"start":{"line":36,"column":41},"end":{"line":40,"column":null}},"3":{"start":{"line":43,"column":65},"end":{"line":54,"column":null}},"4":{"start":{"line":57,"column":38},"end":{"line":60,"column":null}},"5":{"start":{"line":57,"column":62},"end":{"line":60,"column":2}},"6":{"start":{"line":71,"column":78},"end":{"line":82,"column":null}},"7":{"start":{"line":85,"column":62},"end":{"line":96,"column":null}}},"fnMap":{"0":{"name":"(anonymous_0)","decl":{"start":{"line":57,"column":50},"end":{"line":57,"column":55}},"loc":{"start":{"line":57,"column":62},"end":{"line":60,"column":2}},"line":57}},"branchMap":{},"s":{"0":2,"1":2,"2":2,"3":2,"4":2,"5":20,"6":2,"7":2},"f":{"0":20},"b":{},"meta":{"lastBranch":0,"lastFunction":1,"lastStatement":8,"seen":{"s:8:64:19:Infinity":0,"s:22:62:33:Infinity":1,"s:36:41:40:Infinity":2,"s:43:65:54:Infinity":3,"s:57:38:60:Infinity":4,"f:57:50:57:55":0,"s:57:62:60:2":5,"s:71:78:82:Infinity":6,"s:85:62:96:Infinity":7},"fnNames":{}}}
,"D:\\Documentos\\New OpenCode Project\\src\\config\\ranking.ts": {"path":"D:\\Documentos\\New OpenCode Project\\src\\config\\ranking.ts","statementMap":{"0":{"start":{"line":5,"column":33},"end":{"line":14,"column":null}},"1":{"start":{"line":27,"column":2},"end":{"line":35,"column":null}}},"fnMap":{"0":{"name":"calcularPontuacao","decl":{"start":{"line":17,"column":16},"end":{"line":17,"column":34}},"loc":{"start":{"line":26,"column":11},"end":{"line":37,"column":null}},"line":26}},"branchMap":{},"s":{"0":1,"1":2},"f":{"0":2},"b":{},"meta":{"lastBranch":0,"lastFunction":1,"lastStatement":2,"seen":{"s:5:33:14:Infinity":0,"f:17:16:17:34":0,"s:27:2:35:Infinity":1},"fnNames":{}}}
,"D:\\Documentos\\New OpenCode Project\\src\\lib\\agenda.ts": {"path":"D:\\Documentos\\New OpenCode Project\\src\\lib\\agenda.ts","statementMap":{"0":{"start":{"line":17,"column":16},"end":{"line":17,"column":null}},"1":{"start":{"line":18,"column":17},"end":{"line":18,"column":null}},"2":{"start":{"line":20,"column":2},"end":{"line":26,"column":null}},"3":{"start":{"line":21,"column":4},"end":{"line":21,"column":null}},"4":{"start":{"line":22,"column":4},"end":{"line":22,"column":null}},"5":{"start":{"line":22,"column":35},"end":{"line":22,"column":null}},"6":{"start":{"line":23,"column":4},"end":{"line":23,"column":null}},"7":{"start":{"line":23,"column":33},"end":{"line":23,"column":null}},"8":{"start":{"line":24,"column":4},"end":{"line":24,"column":null}},"9":{"start":{"line":24,"column":34},"end":{"line":24,"column":null}},"10":{"start":{"line":25,"column":4},"end":{"line":25,"column":null}},"11":{"start":{"line":25,"column":49},"end":{"line":25,"column":null}},"12":{"start":{"line":28,"column":2},"end":{"line":28,"column":null}},"13":{"start":{"line":36,"column":14},"end":{"line":36,"column":null}},"14":{"start":{"line":37,"column":2},"end":{"line":37,"column":null}},"15":{"start":{"line":39,"column":2},"end":{"line":44,"column":null}},"16":{"start":{"line":40,"column":4},"end":{"line":43,"column":null}},"17":{"start":{"line":46,"column":2},"end":{"line":58,"column":null}},"18":{"start":{"line":47,"column":22},"end":{"line":47,"column":null}},"19":{"start":{"line":48,"column":17},"end":{"line":48,"column":null}},"20":{"start":{"line":49,"column":19},"end":{"line":49,"column":null}},"21":{"start":{"line":50,"column":4},"end":{"line":50,"column":null}},"22":{"start":{"line":51,"column":16},"end":{"line":51,"column":null}},"23":{"start":{"line":52,"column":4},"end":{"line":52,"column":null}},"24":{"start":{"line":53,"column":4},"end":{"line":53,"column":null}},"25":{"start":{"line":54,"column":4},"end":{"line":57,"column":null}},"26":{"start":{"line":61,"column":17},"end":{"line":61,"column":null}},"27":{"start":{"line":62,"column":14},"end":{"line":62,"column":null}},"28":{"start":{"line":63,"column":2},"end":{"line":63,"column":null}},"29":{"start":{"line":64,"column":2},"end":{"line":67,"column":null}},"30":{"start":{"line":74,"column":15},"end":{"line":74,"column":null}},"31":{"start":{"line":75,"column":2},"end":{"line":79,"column":null}},"32":{"start":{"line":76,"column":16},"end":{"line":76,"column":null}},"33":{"start":{"line":77,"column":4},"end":{"line":77,"column":null}},"34":{"start":{"line":77,"column":24},"end":{"line":77,"column":null}},"35":{"start":{"line":78,"column":4},"end":{"line":78,"column":null}},"36":{"start":{"line":80,"column":2},"end":{"line":80,"column":null}}},"fnMap":{"0":{"name":"calcularResumoAgenda","decl":{"start":{"line":7,"column":16},"end":{"line":7,"column":37}},"loc":{"start":{"line":16,"column":2},"end":{"line":29,"column":null}},"line":16},"1":{"name":"rangeAgenda","decl":{"start":{"line":32,"column":16},"end":{"line":32,"column":28}},"loc":{"start":{"line":35,"column":2},"end":{"line":68,"column":null}},"line":35},"2":{"name":"agruparAgendamentosPorDia","decl":{"start":{"line":71,"column":16},"end":{"line":71,"column":null}},"loc":{"start":{"line":73,"column":20},"end":{"line":81,"column":null}},"line":73}},"branchMap":{"0":{"loc":{"start":{"line":22,"column":4},"end":{"line":22,"column":null}},"type":"if","locations":[{"start":{"line":22,"column":4},"end":{"line":22,"column":null}},{"start":{},"end":{}}],"line":22},"1":{"loc":{"start":{"line":23,"column":4},"end":{"line":23,"column":null}},"type":"if","locations":[{"start":{"line":23,"column":4},"end":{"line":23,"column":null}},{"start":{},"end":{}}],"line":23},"2":{"loc":{"start":{"line":24,"column":4},"end":{"line":24,"column":null}},"type":"if","locations":[{"start":{"line":24,"column":4},"end":{"line":24,"column":null}},{"start":{},"end":{}}],"line":24},"3":{"loc":{"start":{"line":25,"column":4},"end":{"line":25,"column":null}},"type":"if","locations":[{"start":{"line":25,"column":4},"end":{"line":25,"column":null}},{"start":{},"end":{}}],"line":25},"4":{"loc":{"start":{"line":36,"column":14},"end":{"line":36,"column":null}},"type":"cond-expr","locations":[{"start":{"line":36,"column":24},"end":{"line":36,"column":58}},{"start":{"line":36,"column":58},"end":{"line":36,"column":null}}],"line":36},"5":{"loc":{"start":{"line":39,"column":2},"end":{"line":44,"column":null}},"type":"if","locations":[{"start":{"line":39,"column":2},"end":{"line":44,"column":null}},{"start":{},"end":{}}],"line":39},"6":{"loc":{"start":{"line":46,"column":2},"end":{"line":58,"column":null}},"type":"if","locations":[{"start":{"line":46,"column":2},"end":{"line":58,"column":null}},{"start":{},"end":{}}],"line":46},"7":{"loc":{"start":{"line":48,"column":17},"end":{"line":48,"column":null}},"type":"cond-expr","locations":[{"start":{"line":48,"column":35},"end":{"line":48,"column":39}},{"start":{"line":48,"column":39},"end":{"line":48,"column":null}}],"line":48},"8":{"loc":{"start":{"line":77,"column":4},"end":{"line":77,"column":null}},"type":"if","locations":[{"start":{"line":77,"column":4},"end":{"line":77,"column":null}},{"start":{},"end":{}}],"line":77}},"s":{"0":0,"1":0,"2":0,"3":0,"4":0,"5":0,"6":0,"7":0,"8":0,"9":0,"10":0,"11":0,"12":0,"13":0,"14":0,"15":0,"16":0,"17":0,"18":0,"19":0,"20":0,"21":0,"22":0,"23":0,"24":0,"25":0,"26":0,"27":0,"28":0,"29":0,"30":0,"31":0,"32":0,"33":0,"34":0,"35":0,"36":0},"f":{"0":0,"1":0,"2":0},"b":{"0":[0,0],"1":[0,0],"2":[0,0],"3":[0,0],"4":[0,0],"5":[0,0],"6":[0,0],"7":[0,0],"8":[0,0]},"meta":{"lastBranch":9,"lastFunction":3,"lastStatement":37,"seen":{"f:7:16:7:37":0,"s:17:16:17:Infinity":0,"s:18:17:18:Infinity":1,"s:20:2:26:Infinity":2,"s:21:4:21:Infinity":3,"b:22:4:22:Infinity:undefined:undefined:undefined:undefined":0,"s:22:4:22:Infinity":4,"s:22:35:22:Infinity":5,"b:23:4:23:Infinity:undefined:undefined:undefined:undefined":1,"s:23:4:23:Infinity":6,"s:23:33:23:Infinity":7,"b:24:4:24:Infinity:undefined:undefined:undefined:undefined":2,"s:24:4:24:Infinity":8,"s:24:34:24:Infinity":9,"b:25:4:25:Infinity:undefined:undefined:undefined:undefined":3,"s:25:4:25:Infinity":10,"s:25:49:25:Infinity":11,"s:28:2:28:Infinity":12,"f:32:16:32:28":1,"s:36:14:36:Infinity":13,"b:36:24:36:58:36:58:36:Infinity":4,"s:37:2:37:Infinity":14,"b:39:2:44:Infinity:undefined:undefined:undefined:undefined":5,"s:39:2:44:Infinity":15,"s:40:4:43:Infinity":16,"b:46:2:58:Infinity:undefined:undefined:undefined:undefined":6,"s:46:2:58:Infinity":17,"s:47:22:47:Infinity":18,"s:48:17:48:Infinity":19,"b:48:35:48:39:48:39:48:Infinity":7,"s:49:19:49:Infinity":20,"s:50:4:50:Infinity":21,"s:51:16:51:Infinity":22,"s:52:4:52:Infinity":23,"s:53:4:53:Infinity":24,"s:54:4:57:Infinity":25,"s:61:17:61:Infinity":26,"s:62:14:62:Infinity":27,"s:63:2:63:Infinity":28,"s:64:2:67:Infinity":29,"f:71:16:71:Infinity":2,"s:74:15:74:Infinity":30,"s:75:2:79:Infinity":31,"s:76:16:76:Infinity":32,"b:77:4:77:Infinity:undefined:undefined:undefined:undefined":8,"s:77:4:77:Infinity":33,"s:77:24:77:Infinity":34,"s:78:4:78:Infinity":35,"s:80:2:80:Infinity":36},"fnNames":{}}}
,"D:\\Documentos\\New OpenCode Project\\src\\lib\\analytics.ts": {"path":"D:\\Documentos\\New OpenCode Project\\src\\lib\\analytics.ts","statementMap":{"0":{"start":{"line":9,"column":2},"end":{"line":9,"column":null}},"1":{"start":{"line":14,"column":12},"end":{"line":14,"column":null}},"2":{"start":{"line":15,"column":2},"end":{"line":15,"column":null}},"3":{"start":{"line":20,"column":12},"end":{"line":20,"column":null}},"4":{"start":{"line":21,"column":17},"end":{"line":21,"column":null}},"5":{"start":{"line":22,"column":2},"end":{"line":22,"column":null}},"6":{"start":{"line":27,"column":16},"end":{"line":27,"column":null}},"7":{"start":{"line":28,"column":17},"end":{"line":28,"column":null}},"8":{"start":{"line":29,"column":2},"end":{"line":29,"column":null}},"9":{"start":{"line":34,"column":2},"end":{"line":34,"column":null}},"10":{"start":{"line":39,"column":12},"end":{"line":39,"column":null}},"11":{"start":{"line":40,"column":2},"end":{"line":40,"column":null}},"12":{"start":{"line":41,"column":2},"end":{"line":41,"column":null}},"13":{"start":{"line":46,"column":12},"end":{"line":46,"column":null}},"14":{"start":{"line":47,"column":2},"end":{"line":47,"column":null}},"15":{"start":{"line":48,"column":2},"end":{"line":48,"column":null}},"16":{"start":{"line":49,"column":2},"end":{"line":49,"column":null}},"17":{"start":{"line":54,"column":12},"end":{"line":54,"column":null}},"18":{"start":{"line":55,"column":2},"end":{"line":55,"column":null}},"19":{"start":{"line":56,"column":2},"end":{"line":56,"column":null}},"20":{"start":{"line":57,"column":2},"end":{"line":57,"column":null}},"21":{"start":{"line":62,"column":12},"end":{"line":62,"column":null}},"22":{"start":{"line":63,"column":2},"end":{"line":63,"column":null}},"23":{"start":{"line":64,"column":2},"end":{"line":64,"column":null}},"24":{"start":{"line":69,"column":12},"end":{"line":69,"column":null}},"25":{"start":{"line":70,"column":2},"end":{"line":70,"column":null}},"26":{"start":{"line":71,"column":2},"end":{"line":71,"column":null}},"27":{"start":{"line":76,"column":2},"end":{"line":76,"column":null}},"28":{"start":{"line":81,"column":2},"end":{"line":81,"column":null}},"29":{"start":{"line":86,"column":2},"end":{"line":86,"column":null}},"30":{"start":{"line":91,"column":15},"end":{"line":91,"column":null}},"31":{"start":{"line":92,"column":20},"end":{"line":92,"column":null}},"32":{"start":{"line":93,"column":15},"end":{"line":93,"column":null}},"33":{"start":{"line":94,"column":14},"end":{"line":94,"column":null}},"34":{"start":{"line":95,"column":2},"end":{"line":95,"column":null}},"35":{"start":{"line":96,"column":2},"end":{"line":96,"column":null}},"36":{"start":{"line":97,"column":2},"end":{"line":97,"column":null}},"37":{"start":{"line":102,"column":15},"end":{"line":102,"column":null}},"38":{"start":{"line":103,"column":20},"end":{"line":103,"column":null}},"39":{"start":{"line":104,"column":15},"end":{"line":104,"column":null}},"40":{"start":{"line":105,"column":14},"end":{"line":105,"column":null}},"41":{"start":{"line":106,"column":2},"end":{"line":106,"column":null}},"42":{"start":{"line":107,"column":2},"end":{"line":107,"column":null}},"43":{"start":{"line":108,"column":2},"end":{"line":108,"column":null}}},"fnMap":{"0":{"name":"hoje","decl":{"start":{"line":8,"column":16},"end":{"line":8,"column":31}},"loc":{"start":{"line":8,"column":31},"end":{"line":10,"column":null}},"line":8},"1":{"name":"inicioDoMes","decl":{"start":{"line":13,"column":16},"end":{"line":13,"column":38}},"loc":{"start":{"line":13,"column":38},"end":{"line":16,"column":null}},"line":13},"2":{"name":"ultimoDiaDoMes","decl":{"start":{"line":19,"column":16},"end":{"line":19,"column":41}},"loc":{"start":{"line":19,"column":41},"end":{"line":23,"column":null}},"line":19},"3":{"name":"diasRestantesNoMes","decl":{"start":{"line":26,"column":16},"end":{"line":26,"column":45}},"loc":{"start":{"line":26,"column":45},"end":{"line":30,"column":null}},"line":26},"4":{"name":"diasAtras","decl":{"start":{"line":33,"column":16},"end":{"line":33,"column":26}},"loc":{"start":{"line":33,"column":45},"end":{"line":35,"column":null}},"line":33},"5":{"name":"diasAFrenteISOCompleta","decl":{"start":{"line":38,"column":16},"end":{"line":38,"column":39}},"loc":{"start":{"line":38,"column":58},"end":{"line":42,"column":null}},"line":38},"6":{"name":"diasAFrenteInicio","decl":{"start":{"line":45,"column":16},"end":{"line":45,"column":34}},"loc":{"start":{"line":45,"column":53},"end":{"line":50,"column":null}},"line":45},"7":{"name":"diasAFrenteFim","decl":{"start":{"line":53,"column":16},"end":{"line":53,"column":31}},"loc":{"start":{"line":53,"column":50},"end":{"line":58,"column":null}},"line":53},"8":{"name":"hojeInicio","decl":{"start":{"line":61,"column":16},"end":{"line":61,"column":37}},"loc":{"start":{"line":61,"column":37},"end":{"line":65,"column":null}},"line":61},"9":{"name":"hojeFim","decl":{"start":{"line":68,"column":16},"end":{"line":68,"column":34}},"loc":{"start":{"line":68,"column":34},"end":{"line":72,"column":null}},"line":68},"10":{"name":"diasEntre","decl":{"start":{"line":75,"column":16},"end":{"line":75,"column":26}},"loc":{"start":{"line":75,"column":56},"end":{"line":77,"column":null}},"line":75},"11":{"name":"diasDesdeData","decl":{"start":{"line":80,"column":16},"end":{"line":80,"column":30}},"loc":{"start":{"line":80,"column":55},"end":{"line":82,"column":null}},"line":80},"12":{"name":"minutosDesdeData","decl":{"start":{"line":85,"column":16},"end":{"line":85,"column":33}},"loc":{"start":{"line":85,"column":58},"end":{"line":87,"column":null}},"line":85},"13":{"name":"inicioDaSemana","decl":{"start":{"line":90,"column":16},"end":{"line":90,"column":41}},"loc":{"start":{"line":90,"column":41},"end":{"line":98,"column":null}},"line":90},"14":{"name":"fimDaSemana","decl":{"start":{"line":101,"column":16},"end":{"line":101,"column":38}},"loc":{"start":{"line":101,"column":38},"end":{"line":109,"column":null}},"line":101}},"branchMap":{"0":{"loc":{"start":{"line":93,"column":15},"end":{"line":93,"column":null}},"type":"cond-expr","locations":[{"start":{"line":93,"column":33},"end":{"line":93,"column":37}},{"start":{"line":93,"column":37},"end":{"line":93,"column":null}}],"line":93},"1":{"loc":{"start":{"line":104,"column":15},"end":{"line":104,"column":null}},"type":"cond-expr","locations":[{"start":{"line":104,"column":33},"end":{"line":104,"column":37}},{"start":{"line":104,"column":37},"end":{"line":104,"column":null}}],"line":104}},"s":{"0":1,"1":1,"2":1,"3":1,"4":1,"5":1,"6":1,"7":1,"8":1,"9":1,"10":0,"11":0,"12":0,"13":1,"14":1,"15":1,"16":1,"17":1,"18":1,"19":1,"20":1,"21":1,"22":1,"23":1,"24":1,"25":1,"26":1,"27":2,"28":1,"29":1,"30":1,"31":1,"32":1,"33":1,"34":1,"35":1,"36":1,"37":1,"38":1,"39":1,"40":1,"41":1,"42":1,"43":1},"f":{"0":1,"1":1,"2":1,"3":1,"4":1,"5":0,"6":1,"7":1,"8":1,"9":1,"10":2,"11":1,"12":1,"13":1,"14":1},"b":{"0":[0,1],"1":[0,1]},"meta":{"lastBranch":2,"lastFunction":15,"lastStatement":44,"seen":{"f:8:16:8:31":0,"s:9:2:9:Infinity":0,"f:13:16:13:38":1,"s:14:12:14:Infinity":1,"s:15:2:15:Infinity":2,"f:19:16:19:41":2,"s:20:12:20:Infinity":3,"s:21:17:21:Infinity":4,"s:22:2:22:Infinity":5,"f:26:16:26:45":3,"s:27:16:27:Infinity":6,"s:28:17:28:Infinity":7,"s:29:2:29:Infinity":8,"f:33:16:33:26":4,"s:34:2:34:Infinity":9,"f:38:16:38:39":5,"s:39:12:39:Infinity":10,"s:40:2:40:Infinity":11,"s:41:2:41:Infinity":12,"f:45:16:45:34":6,"s:46:12:46:Infinity":13,"s:47:2:47:Infinity":14,"s:48:2:48:Infinity":15,"s:49:2:49:Infinity":16,"f:53:16:53:31":7,"s:54:12:54:Infinity":17,"s:55:2:55:Infinity":18,"s:56:2:56:Infinity":19,"s:57:2:57:Infinity":20,"f:61:16:61:37":8,"s:62:12:62:Infinity":21,"s:63:2:63:Infinity":22,"s:64:2:64:Infinity":23,"f:68:16:68:34":9,"s:69:12:69:Infinity":24,"s:70:2:70:Infinity":25,"s:71:2:71:Infinity":26,"f:75:16:75:26":10,"s:76:2:76:Infinity":27,"f:80:16:80:30":11,"s:81:2:81:Infinity":28,"f:85:16:85:33":12,"s:86:2:86:Infinity":29,"f:90:16:90:41":13,"s:91:15:91:Infinity":30,"s:92:20:92:Infinity":31,"s:93:15:93:Infinity":32,"b:93:33:93:37:93:37:93:Infinity":0,"s:94:14:94:Infinity":33,"s:95:2:95:Infinity":34,"s:96:2:96:Infinity":35,"s:97:2:97:Infinity":36,"f:101:16:101:38":14,"s:102:15:102:Infinity":37,"s:103:20:103:Infinity":38,"s:104:15:104:Infinity":39,"b:104:33:104:37:104:37:104:Infinity":1,"s:105:14:105:Infinity":40,"s:106:2:106:Infinity":41,"s:107:2:107:Infinity":42,"s:108:2:108:Infinity":43},"fnNames":{}}}
,"D:\\Documentos\\New OpenCode Project\\src\\lib\\dashboard.ts": {"path":"D:\\Documentos\\New OpenCode Project\\src\\lib\\dashboard.ts","statementMap":{"0":{"start":{"line":19,"column":2},"end":{"line":19,"column":null}},"1":{"start":{"line":36,"column":15},"end":{"line":43,"column":null}},"2":{"start":{"line":44,"column":27},"end":{"line":44,"column":null}},"3":{"start":{"line":44,"column":60},"end":{"line":44,"column":67}},"4":{"start":{"line":45,"column":2},"end":{"line":48,"column":null}},"5":{"start":{"line":76,"column":35},"end":{"line":76,"column":null}},"6":{"start":{"line":77,"column":2},"end":{"line":86,"column":null}},"7":{"start":{"line":78,"column":4},"end":{"line":78,"column":null}},"8":{"start":{"line":79,"column":4},"end":{"line":79,"column":null}},"9":{"start":{"line":80,"column":4},"end":{"line":80,"column":null}},"10":{"start":{"line":81,"column":4},"end":{"line":81,"column":null}},"11":{"start":{"line":82,"column":4},"end":{"line":82,"column":null}},"12":{"start":{"line":83,"column":4},"end":{"line":83,"column":null}},"13":{"start":{"line":84,"column":4},"end":{"line":84,"column":null}},"14":{"start":{"line":85,"column":4},"end":{"line":85,"column":null}},"15":{"start":{"line":87,"column":2},"end":{"line":87,"column":null}}},"fnMap":{"0":{"name":"calcularResumoOperacao","decl":{"start":{"line":9,"column":16},"end":{"line":9,"column":39}},"loc":{"start":{"line":18,"column":3},"end":{"line":20,"column":null}},"line":18},"1":{"name":"calcularKPIsCorretor","decl":{"start":{"line":25,"column":16},"end":{"line":25,"column":37}},"loc":{"start":{"line":35,"column":2},"end":{"line":49,"column":null}},"line":35},"2":{"name":"(anonymous_2)","decl":{"start":{"line":44,"column":43},"end":{"line":44,"column":51}},"loc":{"start":{"line":44,"column":60},"end":{"line":44,"column":67}},"line":44},"3":{"name":"somarProducao","decl":{"start":{"line":66,"column":16},"end":{"line":66,"column":30}},"loc":{"start":{"line":75,"column":25},"end":{"line":88,"column":null}},"line":75}},"branchMap":{"0":{"loc":{"start":{"line":47,"column":12},"end":{"line":47,"column":null}},"type":"cond-expr","locations":[{"start":{"line":47,"column":38},"end":{"line":47,"column":54}},{"start":{"line":47,"column":54},"end":{"line":47,"column":null}}],"line":47},"1":{"loc":{"start":{"line":77,"column":18},"end":{"line":77,"column":30}},"type":"binary-expr","locations":[{"start":{"line":77,"column":18},"end":{"line":77,"column":26}},{"start":{"line":77,"column":26},"end":{"line":77,"column":30}}],"line":77},"2":{"loc":{"start":{"line":78,"column":18},"end":{"line":78,"column":null}},"type":"binary-expr","locations":[{"start":{"line":78,"column":18},"end":{"line":78,"column":30}},{"start":{"line":78,"column":30},"end":{"line":78,"column":null}}],"line":78},"3":{"loc":{"start":{"line":79,"column":22},"end":{"line":79,"column":null}},"type":"binary-expr","locations":[{"start":{"line":79,"column":22},"end":{"line":79,"column":38}},{"start":{"line":79,"column":38},"end":{"line":79,"column":null}}],"line":79},"4":{"loc":{"start":{"line":80,"column":24},"end":{"line":80,"column":null}},"type":"binary-expr","locations":[{"start":{"line":80,"column":24},"end":{"line":80,"column":42}},{"start":{"line":80,"column":42},"end":{"line":80,"column":null}}],"line":80},"5":{"loc":{"start":{"line":81,"column":27},"end":{"line":81,"column":null}},"type":"binary-expr","locations":[{"start":{"line":81,"column":27},"end":{"line":81,"column":48}},{"start":{"line":81,"column":48},"end":{"line":81,"column":null}}],"line":81},"6":{"loc":{"start":{"line":82,"column":18},"end":{"line":82,"column":null}},"type":"binary-expr","locations":[{"start":{"line":82,"column":18},"end":{"line":82,"column":30}},{"start":{"line":82,"column":30},"end":{"line":82,"column":null}}],"line":82},"7":{"loc":{"start":{"line":83,"column":20},"end":{"line":83,"column":null}},"type":"binary-expr","locations":[{"start":{"line":83,"column":20},"end":{"line":83,"column":34}},{"start":{"line":83,"column":34},"end":{"line":83,"column":null}}],"line":83},"8":{"loc":{"start":{"line":84,"column":21},"end":{"line":84,"column":null}},"type":"binary-expr","locations":[{"start":{"line":84,"column":21},"end":{"line":84,"column":36}},{"start":{"line":84,"column":36},"end":{"line":84,"column":null}}],"line":84},"9":{"loc":{"start":{"line":85,"column":21},"end":{"line":85,"column":null}},"type":"binary-expr","locations":[{"start":{"line":85,"column":21},"end":{"line":85,"column":36}},{"start":{"line":85,"column":36},"end":{"line":85,"column":null}}],"line":85}},"s":{"0":0,"1":3,"2":3,"3":18,"4":3,"5":3,"6":3,"7":3,"8":3,"9":3,"10":3,"11":3,"12":3,"13":3,"14":3,"15":3},"f":{"0":0,"1":3,"2":18,"3":3},"b":{"0":[1,2],"1":[3,0],"2":[3,0],"3":[3,0],"4":[3,0],"5":[3,0],"6":[3,0],"7":[3,1],"8":[3,1],"9":[3,1]},"meta":{"lastBranch":10,"lastFunction":4,"lastStatement":16,"seen":{"f:9:16:9:39":0,"s:19:2:19:Infinity":0,"f:25:16:25:37":1,"s:36:15:43:Infinity":1,"s:44:27:44:Infinity":2,"f:44:43:44:51":2,"s:44:60:44:67":3,"s:45:2:48:Infinity":4,"b:47:38:47:54:47:54:47:Infinity":0,"f:66:16:66:30":3,"s:76:35:76:Infinity":5,"s:77:2:86:Infinity":6,"b:77:18:77:26:77:26:77:30":1,"s:78:4:78:Infinity":7,"b:78:18:78:30:78:30:78:Infinity":2,"s:79:4:79:Infinity":8,"b:79:22:79:38:79:38:79:Infinity":3,"s:80:4:80:Infinity":9,"b:80:24:80:42:80:42:80:Infinity":4,"s:81:4:81:Infinity":10,"b:81:27:81:48:81:48:81:Infinity":5,"s:82:4:82:Infinity":11,"b:82:18:82:30:82:30:82:Infinity":6,"s:83:4:83:Infinity":12,"b:83:20:83:34:83:34:83:Infinity":7,"s:84:4:84:Infinity":13,"b:84:21:84:36:84:36:84:Infinity":8,"s:85:4:85:Infinity":14,"b:85:21:85:36:85:36:85:Infinity":9,"s:87:2:87:Infinity":15},"fnNames":{}}}
,"D:\\Documentos\\New OpenCode Project\\src\\lib\\documentos.ts": {"path":"D:\\Documentos\\New OpenCode Project\\src\\lib\\documentos.ts","statementMap":{"0":{"start":{"line":21,"column":23},"end":{"line":21,"column":null}},"1":{"start":{"line":22,"column":21},"end":{"line":22,"column":null}},"2":{"start":{"line":23,"column":2},"end":{"line":29,"column":null}},"3":{"start":{"line":24,"column":18},"end":{"line":24,"column":null}},"4":{"start":{"line":26,"column":4},"end":{"line":28,"column":null}},"5":{"start":{"line":27,"column":6},"end":{"line":27,"column":null}},"6":{"start":{"line":31,"column":37},"end":{"line":31,"column":null}},"7":{"start":{"line":32,"column":18},"end":{"line":32,"column":null}},"8":{"start":{"line":33,"column":18},"end":{"line":33,"column":null}},"9":{"start":{"line":34,"column":19},"end":{"line":34,"column":null}},"10":{"start":{"line":36,"column":2},"end":{"line":44,"column":null}},"11":{"start":{"line":37,"column":19},"end":{"line":37,"column":null}},"12":{"start":{"line":38,"column":4},"end":{"line":40,"column":null}},"13":{"start":{"line":39,"column":6},"end":{"line":39,"column":null}},"14":{"start":{"line":41,"column":4},"end":{"line":41,"column":null}},"15":{"start":{"line":41,"column":31},"end":{"line":41,"column":null}},"16":{"start":{"line":42,"column":4},"end":{"line":42,"column":null}},"17":{"start":{"line":42,"column":67},"end":{"line":42,"column":null}},"18":{"start":{"line":43,"column":4},"end":{"line":43,"column":null}},"19":{"start":{"line":43,"column":32},"end":{"line":43,"column":null}},"20":{"start":{"line":46,"column":2},"end":{"line":53,"column":null}},"21":{"start":{"line":60,"column":15},"end":{"line":60,"column":null}},"22":{"start":{"line":61,"column":2},"end":{"line":65,"column":null}},"23":{"start":{"line":62,"column":4},"end":{"line":64,"column":null}},"24":{"start":{"line":63,"column":6},"end":{"line":63,"column":null}},"25":{"start":{"line":66,"column":2},"end":{"line":66,"column":null}},"26":{"start":{"line":73,"column":15},"end":{"line":73,"column":null}},"27":{"start":{"line":74,"column":2},"end":{"line":79,"column":null}},"28":{"start":{"line":75,"column":4},"end":{"line":77,"column":null}},"29":{"start":{"line":76,"column":6},"end":{"line":76,"column":null}},"30":{"start":{"line":78,"column":4},"end":{"line":78,"column":null}},"31":{"start":{"line":80,"column":2},"end":{"line":80,"column":null}}},"fnMap":{"0":{"name":"verificarChecklistLocal","decl":{"start":{"line":10,"column":16},"end":{"line":10,"column":null}},"loc":{"start":{"line":20,"column":2},"end":{"line":54,"column":null}},"line":20},"1":{"name":"contarDocsPendentes","decl":{"start":{"line":57,"column":16},"end":{"line":57,"column":null}},"loc":{"start":{"line":59,"column":23},"end":{"line":67,"column":null}},"line":59},"2":{"name":"agruparDocsPendentesPorCliente","decl":{"start":{"line":70,"column":16},"end":{"line":70,"column":null}},"loc":{"start":{"line":72,"column":50},"end":{"line":81,"column":null}},"line":72}},"branchMap":{"0":{"loc":{"start":{"line":21,"column":23},"end":{"line":21,"column":null}},"type":"binary-expr","locations":[{"start":{"line":21,"column":23},"end":{"line":21,"column":55}},{"start":{"line":21,"column":55},"end":{"line":21,"column":null}}],"line":21},"1":{"loc":{"start":{"line":26,"column":4},"end":{"line":28,"column":null}},"type":"if","locations":[{"start":{"line":26,"column":4},"end":{"line":28,"column":null}},{"start":{},"end":{}}],"line":26},"2":{"loc":{"start":{"line":26,"column":8},"end":{"line":26,"column":55}},"type":"binary-expr","locations":[{"start":{"line":26,"column":8},"end":{"line":26,"column":18}},{"start":{"line":26,"column":18},"end":{"line":26,"column":55}}],"line":26},"3":{"loc":{"start":{"line":38,"column":4},"end":{"line":40,"column":null}},"type":"if","locations":[{"start":{"line":38,"column":4},"end":{"line":40,"column":null}},{"start":{},"end":{}}],"line":38},"4":{"loc":{"start":{"line":38,"column":8},"end":{"line":38,"column":94}},"type":"binary-expr","locations":[{"start":{"line":38,"column":8},"end":{"line":38,"column":19}},{"start":{"line":38,"column":19},"end":{"line":38,"column":44}},{"start":{"line":38,"column":44},"end":{"line":38,"column":69}},{"start":{"line":38,"column":69},"end":{"line":38,"column":94}}],"line":38},"5":{"loc":{"start":{"line":41,"column":4},"end":{"line":41,"column":null}},"type":"if","locations":[{"start":{"line":41,"column":4},"end":{"line":41,"column":null}},{"start":{},"end":{}}],"line":41},"6":{"loc":{"start":{"line":42,"column":4},"end":{"line":42,"column":null}},"type":"if","locations":[{"start":{"line":42,"column":4},"end":{"line":42,"column":null}},{"start":{},"end":{}}],"line":42},"7":{"loc":{"start":{"line":42,"column":8},"end":{"line":42,"column":67}},"type":"binary-expr","locations":[{"start":{"line":42,"column":8},"end":{"line":42,"column":19}},{"start":{"line":42,"column":19},"end":{"line":42,"column":44}},{"start":{"line":42,"column":44},"end":{"line":42,"column":67}}],"line":42},"8":{"loc":{"start":{"line":43,"column":4},"end":{"line":43,"column":null}},"type":"if","locations":[{"start":{"line":43,"column":4},"end":{"line":43,"column":null}},{"start":{},"end":{}}],"line":43},"9":{"loc":{"start":{"line":62,"column":4},"end":{"line":64,"column":null}},"type":"if","locations":[{"start":{"line":62,"column":4},"end":{"line":64,"column":null}},{"start":{},"end":{}}],"line":62},"10":{"loc":{"start":{"line":63,"column":30},"end":{"line":63,"column":61}},"type":"binary-expr","locations":[{"start":{"line":63,"column":30},"end":{"line":63,"column":56}},{"start":{"line":63,"column":56},"end":{"line":63,"column":61}}],"line":63},"11":{"loc":{"start":{"line":75,"column":4},"end":{"line":77,"column":null}},"type":"if","locations":[{"start":{"line":75,"column":4},"end":{"line":77,"column":null}},{"start":{},"end":{}}],"line":75},"12":{"loc":{"start":{"line":76,"column":37},"end":{"line":76,"column":65}},"type":"binary-expr","locations":[{"start":{"line":76,"column":37},"end":{"line":76,"column":54}},{"start":{"line":76,"column":54},"end":{"line":76,"column":65}}],"line":76}},"s":{"0":0,"1":0,"2":0,"3":0,"4":0,"5":0,"6":0,"7":0,"8":0,"9":0,"10":0,"11":0,"12":0,"13":0,"14":0,"15":0,"16":0,"17":0,"18":0,"19":0,"20":0,"21":0,"22":0,"23":0,"24":0,"25":0,"26":0,"27":0,"28":0,"29":0,"30":0,"31":0},"f":{"0":0,"1":0,"2":0},"b":{"0":[0,0],"1":[0,0],"2":[0,0],"3":[0,0],"4":[0,0,0,0],"5":[0,0],"6":[0,0],"7":[0,0,0],"8":[0,0],"9":[0,0],"10":[0,0],"11":[0,0],"12":[0,0]},"meta":{"lastBranch":13,"lastFunction":3,"lastStatement":32,"seen":{"f:10:16:10:Infinity":0,"s:21:23:21:Infinity":0,"b:21:23:21:55:21:55:21:Infinity":0,"s:22:21:22:Infinity":1,"s:23:2:29:Infinity":2,"s:24:18:24:Infinity":3,"b:26:4:28:Infinity:undefined:undefined:undefined:undefined":1,"s:26:4:28:Infinity":4,"b:26:8:26:18:26:18:26:55":2,"s:27:6:27:Infinity":5,"s:31:37:31:Infinity":6,"s:32:18:32:Infinity":7,"s:33:18:33:Infinity":8,"s:34:19:34:Infinity":9,"s:36:2:44:Infinity":10,"s:37:19:37:Infinity":11,"b:38:4:40:Infinity:undefined:undefined:undefined:undefined":3,"s:38:4:40:Infinity":12,"b:38:8:38:19:38:19:38:44:38:44:38:69:38:69:38:94":4,"s:39:6:39:Infinity":13,"b:41:4:41:Infinity:undefined:undefined:undefined:undefined":5,"s:41:4:41:Infinity":14,"s:41:31:41:Infinity":15,"b:42:4:42:Infinity:undefined:undefined:undefined:undefined":6,"s:42:4:42:Infinity":16,"b:42:8:42:19:42:19:42:44:42:44:42:67":7,"s:42:67:42:Infinity":17,"b:43:4:43:Infinity:undefined:undefined:undefined:undefined":8,"s:43:4:43:Infinity":18,"s:43:32:43:Infinity":19,"s:46:2:53:Infinity":20,"f:57:16:57:Infinity":1,"s:60:15:60:Infinity":21,"s:61:2:65:Infinity":22,"b:62:4:64:Infinity:undefined:undefined:undefined:undefined":9,"s:62:4:64:Infinity":23,"s:63:6:63:Infinity":24,"b:63:30:63:56:63:56:63:61":10,"s:66:2:66:Infinity":25,"f:70:16:70:Infinity":2,"s:73:15:73:Infinity":26,"s:74:2:79:Infinity":27,"b:75:4:77:Infinity:undefined:undefined:undefined:undefined":11,"s:75:4:77:Infinity":28,"s:76:6:76:Infinity":29,"b:76:37:76:54:76:54:76:65":12,"s:78:4:78:Infinity":30,"s:80:2:80:Infinity":31},"fnNames":{}}}
,"D:\\Documentos\\New OpenCode Project\\src\\lib\\errors.ts": {"path":"D:\\Documentos\\New OpenCode Project\\src\\lib\\errors.ts","statementMap":{"0":{"start":{"line":16,"column":4},"end":{"line":16,"column":null}},"1":{"start":{"line":17,"column":4},"end":{"line":17,"column":null}},"2":{"start":{"line":18,"column":4},"end":{"line":18,"column":null}},"3":{"start":{"line":19,"column":4},"end":{"line":19,"column":null}},"4":{"start":{"line":20,"column":4},"end":{"line":20,"column":null}},"5":{"start":{"line":21,"column":4},"end":{"line":21,"column":null}},"6":{"start":{"line":27,"column":16},"end":{"line":27,"column":null}},"7":{"start":{"line":28,"column":4},"end":{"line":34,"column":null}},"8":{"start":{"line":41,"column":4},"end":{"line":45,"column":null}},"9":{"start":{"line":46,"column":4},"end":{"line":46,"column":null}},"10":{"start":{"line":52,"column":4},"end":{"line":56,"column":null}},"11":{"start":{"line":62,"column":4},"end":{"line":66,"column":null}},"12":{"start":{"line":72,"column":4},"end":{"line":76,"column":null}}},"fnMap":{"0":{"name":"constructor","decl":{"start":{"line":10,"column":2},"end":{"line":10,"column":14}},"loc":{"start":{"line":15,"column":5},"end":{"line":22,"column":null}},"line":15},"1":{"name":"constructor_2","decl":{"start":{"line":26,"column":2},"end":{"line":26,"column":14}},"loc":{"start":{"line":26,"column":45},"end":{"line":35,"column":null}},"line":26},"2":{"name":"constructor_3","decl":{"start":{"line":40,"column":2},"end":{"line":40,"column":14}},"loc":{"start":{"line":40,"column":91},"end":{"line":47,"column":null}},"line":40},"3":{"name":"constructor_4","decl":{"start":{"line":51,"column":2},"end":{"line":51,"column":14}},"loc":{"start":{"line":51,"column":49},"end":{"line":57,"column":null}},"line":51},"4":{"name":"constructor_5","decl":{"start":{"line":61,"column":2},"end":{"line":61,"column":14}},"loc":{"start":{"line":61,"column":43},"end":{"line":67,"column":null}},"line":61},"5":{"name":"constructor_6","decl":{"start":{"line":71,"column":2},"end":{"line":71,"column":14}},"loc":{"start":{"line":71,"column":33},"end":{"line":77,"column":null}},"line":71}},"branchMap":{"0":{"loc":{"start":{"line":18,"column":18},"end":{"line":18,"column":null}},"type":"binary-expr","locations":[{"start":{"line":18,"column":18},"end":{"line":18,"column":37}},{"start":{"line":18,"column":37},"end":{"line":18,"column":null}}],"line":18},"1":{"loc":{"start":{"line":19,"column":16},"end":{"line":19,"column":null}},"type":"binary-expr","locations":[{"start":{"line":19,"column":16},"end":{"line":19,"column":33}},{"start":{"line":19,"column":33},"end":{"line":19,"column":null}}],"line":19},"2":{"loc":{"start":{"line":20,"column":23},"end":{"line":20,"column":null}},"type":"binary-expr","locations":[{"start":{"line":20,"column":23},"end":{"line":20,"column":47}},{"start":{"line":20,"column":47},"end":{"line":20,"column":null}}],"line":20},"3":{"loc":{"start":{"line":27,"column":16},"end":{"line":27,"column":null}},"type":"cond-expr","locations":[{"start":{"line":27,"column":21},"end":{"line":27,"column":63}},{"start":{"line":27,"column":63},"end":{"line":27,"column":null}}],"line":27},"4":{"loc":{"start":{"line":31,"column":19},"end":{"line":33,"column":null}},"type":"cond-expr","locations":[{"start":{"line":32,"column":10},"end":{"line":32,"column":null}},{"start":{"line":33,"column":10},"end":{"line":33,"column":null}}],"line":31},"5":{"loc":{"start":{"line":40,"column":31},"end":{"line":40,"column":91}},"type":"default-arg","locations":[{"start":{"line":40,"column":87},"end":{"line":40,"column":91}}],"line":40},"6":{"loc":{"start":{"line":51,"column":14},"end":{"line":51,"column":49}},"type":"default-arg","locations":[{"start":{"line":51,"column":24},"end":{"line":51,"column":49}}],"line":51},"7":{"loc":{"start":{"line":61,"column":14},"end":{"line":61,"column":43}},"type":"default-arg","locations":[{"start":{"line":61,"column":24},"end":{"line":61,"column":43}}],"line":61}},"s":{"0":0,"1":0,"2":0,"3":0,"4":0,"5":0,"6":0,"7":0,"8":0,"9":0,"10":0,"11":0,"12":0},"f":{"0":0,"1":0,"2":0,"3":0,"4":0,"5":0},"b":{"0":[0,0],"1":[0,0],"2":[0,0],"3":[0,0],"4":[0,0],"5":[0],"6":[0],"7":[0]},"meta":{"lastBranch":8,"lastFunction":6,"lastStatement":13,"seen":{"f:10:2:10:14":0,"s:16:4:16:Infinity":0,"s:17:4:17:Infinity":1,"s:18:4:18:Infinity":2,"b:18:18:18:37:18:37:18:Infinity":0,"s:19:4:19:Infinity":3,"b:19:16:19:33:19:33:19:Infinity":1,"s:20:4:20:Infinity":4,"b:20:23:20:47:20:47:20:Infinity":2,"s:21:4:21:Infinity":5,"f:26:2:26:14":1,"s:27:16:27:Infinity":6,"b:27:21:27:63:27:63:27:Infinity":3,"s:28:4:34:Infinity":7,"b:32:10:32:Infinity:33:10:33:Infinity":4,"f:40:2:40:14":2,"b:40:87:40:91":5,"s:41:4:45:Infinity":8,"s:46:4:46:Infinity":9,"f:51:2:51:14":3,"b:51:24:51:49":6,"s:52:4:56:Infinity":10,"f:61:2:61:14":4,"b:61:24:61:43":7,"s:62:4:66:Infinity":11,"f:71:2:71:14":5,"s:72:4:76:Infinity":12},"fnNames":{}}}
,"D:\\Documentos\\New OpenCode Project\\src\\lib\\formatters.ts": {"path":"D:\\Documentos\\New OpenCode Project\\src\\lib\\formatters.ts","statementMap":{"0":{"start":{"line":7,"column":2},"end":{"line":7,"column":null}},"1":{"start":{"line":12,"column":2},"end":{"line":12,"column":null}},"2":{"start":{"line":12,"column":24},"end":{"line":12,"column":null}},"3":{"start":{"line":13,"column":2},"end":{"line":13,"column":null}},"4":{"start":{"line":13,"column":21},"end":{"line":13,"column":null}},"5":{"start":{"line":14,"column":2},"end":{"line":14,"column":null}},"6":{"start":{"line":19,"column":2},"end":{"line":19,"column":null}},"7":{"start":{"line":19,"column":18},"end":{"line":19,"column":null}},"8":{"start":{"line":20,"column":2},"end":{"line":20,"column":null}},"9":{"start":{"line":20,"column":19},"end":{"line":20,"column":null}},"10":{"start":{"line":21,"column":2},"end":{"line":21,"column":null}},"11":{"start":{"line":26,"column":15},"end":{"line":26,"column":null}},"12":{"start":{"line":27,"column":2},"end":{"line":27,"column":null}},"13":{"start":{"line":27,"column":18},"end":{"line":27,"column":null}},"14":{"start":{"line":28,"column":2},"end":{"line":28,"column":null}},"15":{"start":{"line":28,"column":17},"end":{"line":28,"column":null}},"16":{"start":{"line":29,"column":2},"end":{"line":29,"column":null}},"17":{"start":{"line":34,"column":2},"end":{"line":38,"column":null}},"18":{"start":{"line":35,"column":23},"end":{"line":35,"column":null}},"19":{"start":{"line":36,"column":18},"end":{"line":36,"column":null}},"20":{"start":{"line":37,"column":4},"end":{"line":37,"column":null}},"21":{"start":{"line":39,"column":2},"end":{"line":39,"column":null}},"22":{"start":{"line":39,"column":32},"end":{"line":39,"column":null}},"23":{"start":{"line":40,"column":12},"end":{"line":40,"column":null}},"24":{"start":{"line":41,"column":2},"end":{"line":41,"column":null}},"25":{"start":{"line":46,"column":12},"end":{"line":46,"column":null}},"26":{"start":{"line":47,"column":15},"end":{"line":47,"column":null}},"27":{"start":{"line":48,"column":17},"end":{"line":48,"column":null}},"28":{"start":{"line":49,"column":2},"end":{"line":49,"column":null}},"29":{"start":{"line":51,"column":18},"end":{"line":51,"column":null}},"30":{"start":{"line":53,"column":2},"end":{"line":53,"column":null}},"31":{"start":{"line":53,"column":48},"end":{"line":53,"column":null}},"32":{"start":{"line":54,"column":2},"end":{"line":54,"column":null}},"33":{"start":{"line":54,"column":50},"end":{"line":54,"column":null}},"34":{"start":{"line":56,"column":17},"end":{"line":56,"column":null}},"35":{"start":{"line":57,"column":2},"end":{"line":57,"column":null}}},"fnMap":{"0":{"name":"formatarMoeda","decl":{"start":{"line":6,"column":16},"end":{"line":6,"column":30}},"loc":{"start":{"line":6,"column":53},"end":{"line":8,"column":null}},"line":6},"1":{"name":"formatarMoedaCompacta","decl":{"start":{"line":11,"column":16},"end":{"line":11,"column":38}},"loc":{"start":{"line":11,"column":61},"end":{"line":15,"column":null}},"line":11},"2":{"name":"formatarHoras","decl":{"start":{"line":18,"column":16},"end":{"line":18,"column":30}},"loc":{"start":{"line":18,"column":53},"end":{"line":22,"column":null}},"line":18},"3":{"name":"formatarHorasExtenso","decl":{"start":{"line":25,"column":16},"end":{"line":25,"column":37}},"loc":{"start":{"line":25,"column":60},"end":{"line":30,"column":null}},"line":25},"4":{"name":"formatarData","decl":{"start":{"line":33,"column":16},"end":{"line":33,"column":29}},"loc":{"start":{"line":33,"column":96},"end":{"line":42,"column":null}},"line":33},"5":{"name":"formatarDataHora","decl":{"start":{"line":45,"column":16},"end":{"line":45,"column":33}},"loc":{"start":{"line":45,"column":58},"end":{"line":58,"column":null}},"line":45}},"branchMap":{"0":{"loc":{"start":{"line":12,"column":2},"end":{"line":12,"column":null}},"type":"if","locations":[{"start":{"line":12,"column":2},"end":{"line":12,"column":null}},{"start":{},"end":{}}],"line":12},"1":{"loc":{"start":{"line":13,"column":2},"end":{"line":13,"column":null}},"type":"if","locations":[{"start":{"line":13,"column":2},"end":{"line":13,"column":null}},{"start":{},"end":{}}],"line":13},"2":{"loc":{"start":{"line":19,"column":2},"end":{"line":19,"column":null}},"type":"if","locations":[{"start":{"line":19,"column":2},"end":{"line":19,"column":null}},{"start":{},"end":{}}],"line":19},"3":{"loc":{"start":{"line":20,"column":2},"end":{"line":20,"column":null}},"type":"if","locations":[{"start":{"line":20,"column":2},"end":{"line":20,"column":null}},{"start":{},"end":{}}],"line":20},"4":{"loc":{"start":{"line":27,"column":2},"end":{"line":27,"column":null}},"type":"if","locations":[{"start":{"line":27,"column":2},"end":{"line":27,"column":null}},{"start":{},"end":{}}],"line":27},"5":{"loc":{"start":{"line":28,"column":2},"end":{"line":28,"column":null}},"type":"if","locations":[{"start":{"line":28,"column":2},"end":{"line":28,"column":null}},{"start":{},"end":{}}],"line":28},"6":{"loc":{"start":{"line":34,"column":2},"end":{"line":38,"column":null}},"type":"if","locations":[{"start":{"line":34,"column":2},"end":{"line":38,"column":null}},{"start":{},"end":{}}],"line":34},"7":{"loc":{"start":{"line":39,"column":2},"end":{"line":39,"column":null}},"type":"if","locations":[{"start":{"line":39,"column":2},"end":{"line":39,"column":null}},{"start":{},"end":{}}],"line":39},"8":{"loc":{"start":{"line":53,"column":2},"end":{"line":53,"column":null}},"type":"if","locations":[{"start":{"line":53,"column":2},"end":{"line":53,"column":null}},{"start":{},"end":{}}],"line":53},"9":{"loc":{"start":{"line":54,"column":2},"end":{"line":54,"column":null}},"type":"if","locations":[{"start":{"line":54,"column":2},"end":{"line":54,"column":null}},{"start":{},"end":{}}],"line":54}},"s":{"0":2,"1":3,"2":1,"3":2,"4":1,"5":1,"6":3,"7":1,"8":2,"9":1,"10":1,"11":3,"12":3,"13":1,"14":2,"15":1,"16":1,"17":4,"18":2,"19":2,"20":2,"21":2,"22":1,"23":1,"24":1,"25":3,"26":3,"27":3,"28":3,"29":3,"30":3,"31":1,"32":2,"33":1,"34":1,"35":1},"f":{"0":2,"1":3,"2":3,"3":3,"4":4,"5":3},"b":{"0":[1,2],"1":[1,1],"2":[1,2],"3":[1,1],"4":[1,2],"5":[1,1],"6":[2,2],"7":[1,1],"8":[1,2],"9":[1,1]},"meta":{"lastBranch":10,"lastFunction":6,"lastStatement":36,"seen":{"f:6:16:6:30":0,"s:7:2:7:Infinity":0,"f:11:16:11:38":1,"b:12:2:12:Infinity:undefined:undefined:undefined:undefined":0,"s:12:2:12:Infinity":1,"s:12:24:12:Infinity":2,"b:13:2:13:Infinity:undefined:undefined:undefined:undefined":1,"s:13:2:13:Infinity":3,"s:13:21:13:Infinity":4,"s:14:2:14:Infinity":5,"f:18:16:18:30":2,"b:19:2:19:Infinity:undefined:undefined:undefined:undefined":2,"s:19:2:19:Infinity":6,"s:19:18:19:Infinity":7,"b:20:2:20:Infinity:undefined:undefined:undefined:undefined":3,"s:20:2:20:Infinity":8,"s:20:19:20:Infinity":9,"s:21:2:21:Infinity":10,"f:25:16:25:37":3,"s:26:15:26:Infinity":11,"b:27:2:27:Infinity:undefined:undefined:undefined:undefined":4,"s:27:2:27:Infinity":12,"s:27:18:27:Infinity":13,"b:28:2:28:Infinity:undefined:undefined:undefined:undefined":5,"s:28:2:28:Infinity":14,"s:28:17:28:Infinity":15,"s:29:2:29:Infinity":16,"f:33:16:33:29":4,"b:34:2:38:Infinity:undefined:undefined:undefined:undefined":6,"s:34:2:38:Infinity":17,"s:35:23:35:Infinity":18,"s:36:18:36:Infinity":19,"s:37:4:37:Infinity":20,"b:39:2:39:Infinity:undefined:undefined:undefined:undefined":7,"s:39:2:39:Infinity":21,"s:39:32:39:Infinity":22,"s:40:12:40:Infinity":23,"s:41:2:41:Infinity":24,"f:45:16:45:33":5,"s:46:12:46:Infinity":25,"s:47:15:47:Infinity":26,"s:48:17:48:Infinity":27,"s:49:2:49:Infinity":28,"s:51:18:51:Infinity":29,"b:53:2:53:Infinity:undefined:undefined:undefined:undefined":8,"s:53:2:53:Infinity":30,"s:53:48:53:Infinity":31,"b:54:2:54:Infinity:undefined:undefined:undefined:undefined":9,"s:54:2:54:Infinity":32,"s:54:50:54:Infinity":33,"s:56:17:56:Infinity":34,"s:57:2:57:Infinity":35},"fnNames":{}}}
,"D:\\Documentos\\New OpenCode Project\\src\\lib\\pipeline.ts": {"path":"D:\\Documentos\\New OpenCode Project\\src\\lib\\pipeline.ts","statementMap":{"0":{"start":{"line":12,"column":14},"end":{"line":12,"column":null}},"1":{"start":{"line":13,"column":2},"end":{"line":13,"column":null}},"2":{"start":{"line":13,"column":16},"end":{"line":13,"column":null}},"3":{"start":{"line":14,"column":19},"end":{"line":14,"column":null}},"4":{"start":{"line":15,"column":22},"end":{"line":15,"column":null}},"5":{"start":{"line":16,"column":19},"end":{"line":16,"column":null}},"6":{"start":{"line":17,"column":2},"end":{"line":17,"column":null}},"7":{"start":{"line":17,"column":25},"end":{"line":17,"column":null}},"8":{"start":{"line":18,"column":2},"end":{"line":18,"column":null}},"9":{"start":{"line":23,"column":21},"end":{"line":23,"column":null}},"10":{"start":{"line":23,"column":62},"end":{"line":23,"column":69}},"11":{"start":{"line":24,"column":22},"end":{"line":24,"column":null}},"12":{"start":{"line":25,"column":19},"end":{"line":25,"column":null}},"13":{"start":{"line":26,"column":2},"end":{"line":26,"column":null}},"14":{"start":{"line":26,"column":24},"end":{"line":26,"column":null}},"15":{"start":{"line":27,"column":2},"end":{"line":27,"column":null}},"16":{"start":{"line":34,"column":2},"end":{"line":34,"column":null}},"17":{"start":{"line":34,"column":27},"end":{"line":34,"column":null}},"18":{"start":{"line":35,"column":21},"end":{"line":38,"column":null}},"19":{"start":{"line":36,"column":10},"end":{"line":36,"column":null}},"20":{"start":{"line":37,"column":4},"end":{"line":37,"column":null}},"21":{"start":{"line":39,"column":2},"end":{"line":39,"column":null}},"22":{"start":{"line":44,"column":2},"end":{"line":44,"column":null}},"23":{"start":{"line":51,"column":47},"end":{"line":51,"column":null}},"24":{"start":{"line":52,"column":2},"end":{"line":58,"column":null}},"25":{"start":{"line":52,"column":15},"end":{"line":52,"column":18}},"26":{"start":{"line":53,"column":18},"end":{"line":53,"column":null}},"27":{"start":{"line":54,"column":21},"end":{"line":54,"column":null}},"28":{"start":{"line":55,"column":24},"end":{"line":55,"column":null}},"29":{"start":{"line":56,"column":21},"end":{"line":56,"column":null}},"30":{"start":{"line":57,"column":4},"end":{"line":57,"column":null}},"31":{"start":{"line":59,"column":2},"end":{"line":59,"column":null}}},"fnMap":{"0":{"name":"calcularTaxaConversao","decl":{"start":{"line":8,"column":16},"end":{"line":8,"column":null}},"loc":{"start":{"line":11,"column":17},"end":{"line":19,"column":null}},"line":11},"1":{"name":"calcularConversaoGeral","decl":{"start":{"line":22,"column":16},"end":{"line":22,"column":39}},"loc":{"start":{"line":22,"column":81},"end":{"line":28,"column":null}},"line":22},"2":{"name":"(anonymous_2)","decl":{"start":{"line":23,"column":45},"end":{"line":23,"column":53}},"loc":{"start":{"line":23,"column":62},"end":{"line":23,"column":69}},"line":23},"3":{"name":"calcularTempoMedioEtapa","decl":{"start":{"line":31,"column":16},"end":{"line":31,"column":null}},"loc":{"start":{"line":33,"column":10},"end":{"line":40,"column":null}},"line":33},"4":{"name":"(anonymous_4)","decl":{"start":{"line":35,"column":28},"end":{"line":35,"column":36}},"loc":{"start":{"line":35,"column":47},"end":{"line":38,"column":5}},"line":35},"5":{"name":"calcularTempoEtapaAtualHoras","decl":{"start":{"line":43,"column":16},"end":{"line":43,"column":45}},"loc":{"start":{"line":43,"column":74},"end":{"line":45,"column":null}},"line":43},"6":{"name":"calcularTaxasConversaoFunil","decl":{"start":{"line":48,"column":16},"end":{"line":48,"column":null}},"loc":{"start":{"line":50,"column":33},"end":{"line":60,"column":null}},"line":50}},"branchMap":{"0":{"loc":{"start":{"line":13,"column":2},"end":{"line":13,"column":null}},"type":"if","locations":[{"start":{"line":13,"column":2},"end":{"line":13,"column":null}},{"start":{},"end":{}}],"line":13},"1":{"loc":{"start":{"line":15,"column":22},"end":{"line":15,"column":null}},"type":"binary-expr","locations":[{"start":{"line":15,"column":22},"end":{"line":15,"column":44}},{"start":{"line":15,"column":44},"end":{"line":15,"column":null}}],"line":15},"2":{"loc":{"start":{"line":16,"column":19},"end":{"line":16,"column":null}},"type":"binary-expr","locations":[{"start":{"line":16,"column":19},"end":{"line":16,"column":43}},{"start":{"line":16,"column":43},"end":{"line":16,"column":null}}],"line":16},"3":{"loc":{"start":{"line":17,"column":2},"end":{"line":17,"column":null}},"type":"if","locations":[{"start":{"line":17,"column":2},"end":{"line":17,"column":null}},{"start":{},"end":{}}],"line":17},"4":{"loc":{"start":{"line":24,"column":22},"end":{"line":24,"column":null}},"type":"binary-expr","locations":[{"start":{"line":24,"column":22},"end":{"line":24,"column":49}},{"start":{"line":24,"column":49},"end":{"line":24,"column":null}}],"line":24},"5":{"loc":{"start":{"line":25,"column":19},"end":{"line":25,"column":null}},"type":"binary-expr","locations":[{"start":{"line":25,"column":19},"end":{"line":25,"column":44}},{"start":{"line":25,"column":44},"end":{"line":25,"column":null}}],"line":25},"6":{"loc":{"start":{"line":26,"column":2},"end":{"line":26,"column":null}},"type":"if","locations":[{"start":{"line":26,"column":2},"end":{"line":26,"column":null}},{"start":{},"end":{}}],"line":26},"7":{"loc":{"start":{"line":34,"column":2},"end":{"line":34,"column":null}},"type":"if","locations":[{"start":{"line":34,"column":2},"end":{"line":34,"column":null}},{"start":{},"end":{}}],"line":34},"8":{"loc":{"start":{"line":55,"column":24},"end":{"line":55,"column":null}},"type":"binary-expr","locations":[{"start":{"line":55,"column":24},"end":{"line":55,"column":54}},{"start":{"line":55,"column":54},"end":{"line":55,"column":null}}],"line":55},"9":{"loc":{"start":{"line":56,"column":21},"end":{"line":56,"column":null}},"type":"binary-expr","locations":[{"start":{"line":56,"column":21},"end":{"line":56,"column":48}},{"start":{"line":56,"column":48},"end":{"line":56,"column":null}}],"line":56},"10":{"loc":{"start":{"line":57,"column":19},"end":{"line":57,"column":null}},"type":"cond-expr","locations":[{"start":{"line":57,"column":37},"end":{"line":57,"column":82}},{"start":{"line":57,"column":82},"end":{"line":57,"column":null}}],"line":57}},"s":{"0":6,"1":6,"2":1,"3":5,"4":5,"5":6,"6":6,"7":1,"8":4,"9":2,"10":10,"11":2,"12":2,"13":2,"14":1,"15":1,"16":2,"17":1,"18":1,"19":2,"20":2,"21":1,"22":2,"23":2,"24":2,"25":2,"26":18,"27":18,"28":18,"29":18,"30":18,"31":2},"f":{"0":6,"1":2,"2":10,"3":2,"4":2,"5":2,"6":2},"b":{"0":[1,5],"1":[5,0],"2":[6,0],"3":[1,5],"4":[2,1],"5":[2,1],"6":[1,1],"7":[1,1],"8":[18,7],"9":[18,8],"10":[9,9]},"meta":{"lastBranch":11,"lastFunction":7,"lastStatement":32,"seen":{"f:8:16:8:Infinity":0,"s:12:14:12:Infinity":0,"b:13:2:13:Infinity:undefined:undefined:undefined:undefined":0,"s:13:2:13:Infinity":1,"s:13:16:13:Infinity":2,"s:14:19:14:Infinity":3,"s:15:22:15:Infinity":4,"b:15:22:15:44:15:44:15:Infinity":1,"s:16:19:16:Infinity":5,"b:16:19:16:43:16:43:16:Infinity":2,"b:17:2:17:Infinity:undefined:undefined:undefined:undefined":3,"s:17:2:17:Infinity":6,"s:17:25:17:Infinity":7,"s:18:2:18:Infinity":8,"f:22:16:22:39":1,"s:23:21:23:Infinity":9,"f:23:45:23:53":2,"s:23:62:23:69":10,"s:24:22:24:Infinity":11,"b:24:22:24:49:24:49:24:Infinity":4,"s:25:19:25:Infinity":12,"b:25:19:25:44:25:44:25:Infinity":5,"b:26:2:26:Infinity:undefined:undefined:undefined:undefined":6,"s:26:2:26:Infinity":13,"s:26:24:26:Infinity":14,"s:27:2:27:Infinity":15,"f:31:16:31:Infinity":3,"b:34:2:34:Infinity:undefined:undefined:undefined:undefined":7,"s:34:2:34:Infinity":16,"s:34:27:34:Infinity":17,"s:35:21:38:Infinity":18,"f:35:28:35:36":4,"s:36:10:36:Infinity":19,"s:37:4:37:Infinity":20,"s:39:2:39:Infinity":21,"f:43:16:43:45":5,"s:44:2:44:Infinity":22,"f:48:16:48:Infinity":6,"s:51:47:51:Infinity":23,"s:52:2:58:Infinity":24,"s:52:15:52:18":25,"s:53:18:53:Infinity":26,"s:54:21:54:Infinity":27,"s:55:24:55:Infinity":28,"b:55:24:55:54:55:54:55:Infinity":8,"s:56:21:56:Infinity":29,"b:56:21:56:48:56:48:56:Infinity":9,"s:57:4:57:Infinity":30,"b:57:37:57:82:57:82:57:Infinity":10,"s:59:2:59:Infinity":31},"fnNames":{}}}
,"D:\\Documentos\\New OpenCode Project\\src\\lib\\ranking.ts": {"path":"D:\\Documentos\\New OpenCode Project\\src\\lib\\ranking.ts","statementMap":{"0":{"start":{"line":12,"column":2},"end":{"line":12,"column":null}},"1":{"start":{"line":12,"column":35},"end":{"line":12,"column":60}},"2":{"start":{"line":19,"column":17},"end":{"line":19,"column":null}},"3":{"start":{"line":19,"column":43},"end":{"line":19,"column":76}},"4":{"start":{"line":20,"column":16},"end":{"line":20,"column":null}},"5":{"start":{"line":21,"column":17},"end":{"line":21,"column":null}},"6":{"start":{"line":22,"column":2},"end":{"line":29,"column":null}},"7":{"start":{"line":23,"column":19},"end":{"line":23,"column":null}},"8":{"start":{"line":24,"column":4},"end":{"line":26,"column":null}},"9":{"start":{"line":25,"column":6},"end":{"line":25,"column":null}},"10":{"start":{"line":27,"column":4},"end":{"line":27,"column":null}},"11":{"start":{"line":28,"column":4},"end":{"line":28,"column":null}}},"fnMap":{"0":{"name":"ordenarRanking","decl":{"start":{"line":9,"column":16},"end":{"line":9,"column":null}},"loc":{"start":{"line":11,"column":7},"end":{"line":13,"column":null}},"line":11},"1":{"name":"(anonymous_1)","decl":{"start":{"line":12,"column":20},"end":{"line":12,"column":26}},"loc":{"start":{"line":12,"column":35},"end":{"line":12,"column":60}},"line":12},"2":{"name":"atribuirPosicoes","decl":{"start":{"line":18,"column":16},"end":{"line":18,"column":36}},"loc":{"start":{"line":18,"column":112},"end":{"line":30,"column":null}},"line":18},"3":{"name":"(anonymous_3)","decl":{"start":{"line":19,"column":28},"end":{"line":19,"column":34}},"loc":{"start":{"line":19,"column":43},"end":{"line":19,"column":76}},"line":19},"4":{"name":"(anonymous_4)","decl":{"start":{"line":22,"column":16},"end":{"line":22,"column":21}},"loc":{"start":{"line":22,"column":33},"end":{"line":29,"column":3}},"line":22}},"branchMap":{"0":{"loc":{"start":{"line":24,"column":4},"end":{"line":26,"column":null}},"type":"if","locations":[{"start":{"line":24,"column":4},"end":{"line":26,"column":null}},{"start":{},"end":{}}],"line":24},"1":{"loc":{"start":{"line":24,"column":8},"end":{"line":24,"column":38}},"type":"binary-expr","locations":[{"start":{"line":24,"column":8},"end":{"line":24,"column":17}},{"start":{"line":24,"column":17},"end":{"line":24,"column":38}}],"line":24}},"s":{"0":3,"1":3,"2":3,"3":6,"4":3,"5":3,"6":3,"7":6,"8":6,"9":3,"10":6,"11":6},"f":{"0":3,"1":3,"2":3,"3":6,"4":6},"b":{"0":[3,3],"1":[6,4]},"meta":{"lastBranch":2,"lastFunction":5,"lastStatement":12,"seen":{"f:9:16:9:Infinity":0,"s:12:2:12:Infinity":0,"f:12:20:12:26":1,"s:12:35:12:60":1,"f:18:16:18:36":2,"s:19:17:19:Infinity":2,"f:19:28:19:34":3,"s:19:43:19:76":3,"s:20:16:20:Infinity":4,"s:21:17:21:Infinity":5,"s:22:2:29:Infinity":6,"f:22:16:22:21":4,"s:23:19:23:Infinity":7,"b:24:4:26:Infinity:undefined:undefined:undefined:undefined":0,"s:24:4:26:Infinity":8,"b:24:8:24:17:24:17:24:38":1,"s:25:6:25:Infinity":9,"s:27:4:27:Infinity":10,"s:28:4:28:Infinity":11},"fnNames":{}}}
,"D:\\Documentos\\New OpenCode Project\\src\\lib\\score.ts": {"path":"D:\\Documentos\\New OpenCode Project\\src\\lib\\score.ts","statementMap":{"0":{"start":{"line":20,"column":14},"end":{"line":20,"column":null}},"1":{"start":{"line":21,"column":14},"end":{"line":21,"column":null}},"2":{"start":{"line":24,"column":2},"end":{"line":24,"column":null}},"3":{"start":{"line":27,"column":2},"end":{"line":29,"column":null}},"4":{"start":{"line":28,"column":4},"end":{"line":28,"column":null}},"5":{"start":{"line":32,"column":2},"end":{"line":34,"column":null}},"6":{"start":{"line":33,"column":4},"end":{"line":33,"column":null}},"7":{"start":{"line":37,"column":2},"end":{"line":37,"column":null}},"8":{"start":{"line":38,"column":2},"end":{"line":38,"column":null}},"9":{"start":{"line":41,"column":2},"end":{"line":41,"column":null}},"10":{"start":{"line":43,"column":2},"end":{"line":43,"column":null}},"11":{"start":{"line":59,"column":14},"end":{"line":59,"column":null}},"12":{"start":{"line":62,"column":14},"end":{"line":62,"column":null}},"13":{"start":{"line":63,"column":2},"end":{"line":63,"column":null}},"14":{"start":{"line":66,"column":2},"end":{"line":66,"column":null}},"15":{"start":{"line":66,"column":28},"end":{"line":66,"column":null}},"16":{"start":{"line":69,"column":2},"end":{"line":69,"column":null}},"17":{"start":{"line":70,"column":2},"end":{"line":70,"column":null}},"18":{"start":{"line":71,"column":2},"end":{"line":71,"column":null}},"19":{"start":{"line":74,"column":2},"end":{"line":79,"column":null}},"20":{"start":{"line":75,"column":4},"end":{"line":78,"column":null}},"21":{"start":{"line":82,"column":2},"end":{"line":85,"column":null}},"22":{"start":{"line":84,"column":4},"end":{"line":84,"column":null}},"23":{"start":{"line":87,"column":2},"end":{"line":87,"column":null}},"24":{"start":{"line":101,"column":14},"end":{"line":101,"column":null}},"25":{"start":{"line":102,"column":25},"end":{"line":104,"column":null}},"26":{"start":{"line":107,"column":2},"end":{"line":109,"column":null}},"27":{"start":{"line":108,"column":4},"end":{"line":108,"column":null}},"28":{"start":{"line":112,"column":2},"end":{"line":114,"column":null}},"29":{"start":{"line":113,"column":4},"end":{"line":113,"column":null}},"30":{"start":{"line":117,"column":2},"end":{"line":117,"column":null}},"31":{"start":{"line":120,"column":2},"end":{"line":125,"column":null}},"32":{"start":{"line":121,"column":18},"end":{"line":121,"column":null}},"33":{"start":{"line":122,"column":4},"end":{"line":124,"column":null}},"34":{"start":{"line":123,"column":6},"end":{"line":123,"column":null}},"35":{"start":{"line":128,"column":27},"end":{"line":130,"column":null}},"36":{"start":{"line":131,"column":2},"end":{"line":133,"column":null}},"37":{"start":{"line":132,"column":4},"end":{"line":132,"column":null}},"38":{"start":{"line":135,"column":2},"end":{"line":135,"column":null}}},"fnMap":{"0":{"name":"calcularProbabilidadeFechamento","decl":{"start":{"line":12,"column":16},"end":{"line":12,"column":48}},"loc":{"start":{"line":19,"column":11},"end":{"line":44,"column":null}},"line":19},"1":{"name":"calcularScoreCliente","decl":{"start":{"line":50,"column":16},"end":{"line":50,"column":37}},"loc":{"start":{"line":58,"column":11},"end":{"line":88,"column":null}},"line":58},"2":{"name":"calcularPrioridadeFollowUp","decl":{"start":{"line":94,"column":16},"end":{"line":94,"column":43}},"loc":{"start":{"line":100,"column":11},"end":{"line":136,"column":null}},"line":100}},"branchMap":{"0":{"loc":{"start":{"line":27,"column":2},"end":{"line":29,"column":null}},"type":"if","locations":[{"start":{"line":27,"column":2},"end":{"line":29,"column":null}},{"start":{},"end":{}}],"line":27},"1":{"loc":{"start":{"line":32,"column":2},"end":{"line":34,"column":null}},"type":"if","locations":[{"start":{"line":32,"column":2},"end":{"line":34,"column":null}},{"start":{},"end":{}}],"line":32},"2":{"loc":{"start":{"line":66,"column":2},"end":{"line":66,"column":null}},"type":"if","locations":[{"start":{"line":66,"column":2},"end":{"line":66,"column":null}},{"start":{},"end":{}}],"line":66},"3":{"loc":{"start":{"line":74,"column":2},"end":{"line":79,"column":null}},"type":"if","locations":[{"start":{"line":74,"column":2},"end":{"line":79,"column":null}},{"start":{},"end":{}}],"line":74},"4":{"loc":{"start":{"line":82,"column":2},"end":{"line":85,"column":null}},"type":"if","locations":[{"start":{"line":82,"column":2},"end":{"line":85,"column":null}},{"start":{},"end":{}}],"line":82},"5":{"loc":{"start":{"line":107,"column":2},"end":{"line":109,"column":null}},"type":"if","locations":[{"start":{"line":107,"column":2},"end":{"line":109,"column":null}},{"start":{},"end":{}}],"line":107},"6":{"loc":{"start":{"line":112,"column":2},"end":{"line":114,"column":null}},"type":"if","locations":[{"start":{"line":112,"column":2},"end":{"line":114,"column":null}},{"start":{},"end":{}}],"line":112},"7":{"loc":{"start":{"line":120,"column":2},"end":{"line":125,"column":null}},"type":"if","locations":[{"start":{"line":120,"column":2},"end":{"line":125,"column":null}},{"start":{},"end":{}}],"line":120},"8":{"loc":{"start":{"line":122,"column":4},"end":{"line":124,"column":null}},"type":"if","locations":[{"start":{"line":122,"column":4},"end":{"line":124,"column":null}},{"start":{},"end":{}}],"line":122},"9":{"loc":{"start":{"line":131,"column":2},"end":{"line":133,"column":null}},"type":"if","locations":[{"start":{"line":131,"column":2},"end":{"line":133,"column":null}},{"start":{},"end":{}}],"line":131},"10":{"loc":{"start":{"line":131,"column":6},"end":{"line":131,"column":66}},"type":"binary-expr","locations":[{"start":{"line":131,"column":6},"end":{"line":131,"column":44}},{"start":{"line":131,"column":44},"end":{"line":131,"column":66}}],"line":131}},"s":{"0":4,"1":4,"2":4,"3":4,"4":1,"5":4,"6":1,"7":4,"8":4,"9":4,"10":4,"11":3,"12":3,"13":3,"14":3,"15":1,"16":3,"17":3,"18":3,"19":3,"20":0,"21":3,"22":1,"23":3,"24":4,"25":4,"26":4,"27":2,"28":4,"29":1,"30":4,"31":4,"32":2,"33":2,"34":2,"35":4,"36":4,"37":1,"38":4},"f":{"0":4,"1":3,"2":4},"b":{"0":[1,3],"1":[1,3],"2":[1,2],"3":[0,3],"4":[1,2],"5":[2,2],"6":[1,3],"7":[2,2],"8":[2,0],"9":[1,3],"10":[4,2]},"meta":{"lastBranch":11,"lastFunction":3,"lastStatement":39,"seen":{"f:12:16:12:48":0,"s:20:14:20:Infinity":0,"s:21:14:21:Infinity":1,"s:24:2:24:Infinity":2,"b:27:2:29:Infinity:undefined:undefined:undefined:undefined":0,"s:27:2:29:Infinity":3,"s:28:4:28:Infinity":4,"b:32:2:34:Infinity:undefined:undefined:undefined:undefined":1,"s:32:2:34:Infinity":5,"s:33:4:33:Infinity":6,"s:37:2:37:Infinity":7,"s:38:2:38:Infinity":8,"s:41:2:41:Infinity":9,"s:43:2:43:Infinity":10,"f:50:16:50:37":1,"s:59:14:59:Infinity":11,"s:62:14:62:Infinity":12,"s:63:2:63:Infinity":13,"b:66:2:66:Infinity:undefined:undefined:undefined:undefined":2,"s:66:2:66:Infinity":14,"s:66:28:66:Infinity":15,"s:69:2:69:Infinity":16,"s:70:2:70:Infinity":17,"s:71:2:71:Infinity":18,"b:74:2:79:Infinity:undefined:undefined:undefined:undefined":3,"s:74:2:79:Infinity":19,"s:75:4:78:Infinity":20,"b:82:2:85:Infinity:undefined:undefined:undefined:undefined":4,"s:82:2:85:Infinity":21,"s:84:4:84:Infinity":22,"s:87:2:87:Infinity":23,"f:94:16:94:43":2,"s:101:14:101:Infinity":24,"s:102:25:104:Infinity":25,"b:107:2:109:Infinity:undefined:undefined:undefined:undefined":5,"s:107:2:109:Infinity":26,"s:108:4:108:Infinity":27,"b:112:2:114:Infinity:undefined:undefined:undefined:undefined":6,"s:112:2:114:Infinity":28,"s:113:4:113:Infinity":29,"s:117:2:117:Infinity":30,"b:120:2:125:Infinity:undefined:undefined:undefined:undefined":7,"s:120:2:125:Infinity":31,"s:121:18:121:Infinity":32,"b:122:4:124:Infinity:undefined:undefined:undefined:undefined":8,"s:122:4:124:Infinity":33,"s:123:6:123:Infinity":34,"s:128:27:130:Infinity":35,"b:131:2:133:Infinity:undefined:undefined:undefined:undefined":9,"s:131:2:133:Infinity":36,"b:131:6:131:44:131:44:131:66":10,"s:132:4:132:Infinity":37,"s:135:2:135:Infinity":38},"fnNames":{}}}
,"D:\\Documentos\\New OpenCode Project\\src\\lib\\auth\\auth.ts": {"path":"D:\\Documentos\\New OpenCode Project\\src\\lib\\auth\\auth.ts","statementMap":{"0":{"start":{"line":31,"column":18},"end":{"line":31,"column":41}},"1":{"start":{"line":32,"column":2},"end":{"line":32,"column":null}},"2":{"start":{"line":32,"column":16},"end":{"line":32,"column":null}},"3":{"start":{"line":33,"column":2},"end":{"line":33,"column":null}},"4":{"start":{"line":33,"column":82},"end":{"line":33,"column":null}},"5":{"start":{"line":35,"column":19},"end":{"line":35,"column":52}},"6":{"start":{"line":36,"column":19},"end":{"line":40,"column":null}},"7":{"start":{"line":42,"column":2},"end":{"line":42,"column":null}},"8":{"start":{"line":49,"column":19},"end":{"line":49,"column":52}},"9":{"start":{"line":50,"column":19},"end":{"line":55,"column":null}},"10":{"start":{"line":57,"column":2},"end":{"line":57,"column":null}},"11":{"start":{"line":57,"column":33},"end":{"line":57,"column":37}}},"fnMap":{"0":{"name":"isClienteOwner","decl":{"start":{"line":30,"column":22},"end":{"line":30,"column":37}},"loc":{"start":{"line":30,"column":74},"end":{"line":43,"column":null}},"line":30},"1":{"name":"getCorretoresEquipe","decl":{"start":{"line":48,"column":22},"end":{"line":48,"column":42}},"loc":{"start":{"line":48,"column":83},"end":{"line":58,"column":null}},"line":48},"2":{"name":"(anonymous_2)","decl":{"start":{"line":57,"column":22},"end":{"line":57,"column":27}},"loc":{"start":{"line":57,"column":33},"end":{"line":57,"column":37}},"line":57}},"branchMap":{"0":{"loc":{"start":{"line":32,"column":2},"end":{"line":32,"column":null}},"type":"if","locations":[{"start":{"line":32,"column":2},"end":{"line":32,"column":null}},{"start":{},"end":{}}],"line":32},"1":{"loc":{"start":{"line":33,"column":2},"end":{"line":33,"column":null}},"type":"if","locations":[{"start":{"line":33,"column":2},"end":{"line":33,"column":null}},{"start":{},"end":{}}],"line":33},"2":{"loc":{"start":{"line":33,"column":7},"end":{"line":33,"column":82}},"type":"binary-expr","locations":[{"start":{"line":33,"column":7},"end":{"line":33,"column":45}},{"start":{"line":33,"column":45},"end":{"line":33,"column":82}}],"line":33},"3":{"loc":{"start":{"line":57,"column":10},"end":{"line":57,"column":20}},"type":"binary-expr","locations":[{"start":{"line":57,"column":10},"end":{"line":57,"column":18}},{"start":{"line":57,"column":18},"end":{"line":57,"column":20}}],"line":57}},"s":{"0":0,"1":0,"2":0,"3":0,"4":0,"5":0,"6":0,"7":0,"8":0,"9":0,"10":0,"11":0},"f":{"0":0,"1":0,"2":0},"b":{"0":[0,0],"1":[0,0],"2":[0,0],"3":[0,0]},"meta":{"lastBranch":4,"lastFunction":3,"lastStatement":12,"seen":{"f:30:22:30:37":0,"s:31:18:31:41":0,"b:32:2:32:Infinity:undefined:undefined:undefined:undefined":0,"s:32:2:32:Infinity":1,"s:32:16:32:Infinity":2,"b:33:2:33:Infinity:undefined:undefined:undefined:undefined":1,"s:33:2:33:Infinity":3,"b:33:7:33:45:33:45:33:82":2,"s:33:82:33:Infinity":4,"s:35:19:35:52":5,"s:36:19:40:Infinity":6,"s:42:2:42:Infinity":7,"f:48:22:48:42":1,"s:49:19:49:52":8,"s:50:19:55:Infinity":9,"s:57:2:57:Infinity":10,"b:57:10:57:18:57:18:57:20":3,"f:57:22:57:27":2,"s:57:33:57:37":11},"fnNames":{}}}
,"D:\\Documentos\\New OpenCode Project\\src\\lib\\auth\\guards.ts": {"path":"D:\\Documentos\\New OpenCode Project\\src\\lib\\auth\\guards.ts","statementMap":{"0":{"start":{"line":15,"column":4},"end":{"line":15,"column":null}},"1":{"start":{"line":12,"column":20},"end":{"line":12,"column":null}},"2":{"start":{"line":13,"column":20},"end":{"line":13,"column":41}},"3":{"start":{"line":16,"column":4},"end":{"line":16,"column":null}},"4":{"start":{"line":22,"column":18},"end":{"line":22,"column":41}},"5":{"start":{"line":23,"column":2},"end":{"line":25,"column":null}},"6":{"start":{"line":24,"column":4},"end":{"line":24,"column":null}},"7":{"start":{"line":26,"column":2},"end":{"line":28,"column":null}},"8":{"start":{"line":27,"column":4},"end":{"line":27,"column":null}},"9":{"start":{"line":29,"column":2},"end":{"line":29,"column":null}},"10":{"start":{"line":34,"column":18},"end":{"line":34,"column":null}},"11":{"start":{"line":35,"column":2},"end":{"line":40,"column":null}},"12":{"start":{"line":36,"column":4},"end":{"line":39,"column":null}},"13":{"start":{"line":41,"column":2},"end":{"line":41,"column":null}},"14":{"start":{"line":46,"column":18},"end":{"line":46,"column":null}},"15":{"start":{"line":47,"column":2},"end":{"line":52,"column":null}},"16":{"start":{"line":48,"column":4},"end":{"line":51,"column":null}},"17":{"start":{"line":53,"column":2},"end":{"line":53,"column":null}},"18":{"start":{"line":58,"column":18},"end":{"line":58,"column":null}},"19":{"start":{"line":59,"column":2},"end":{"line":59,"column":null}},"20":{"start":{"line":59,"column":60},"end":{"line":59,"column":null}},"21":{"start":{"line":61,"column":19},"end":{"line":61,"column":52}},"22":{"start":{"line":62,"column":28},"end":{"line":66,"column":null}},"23":{"start":{"line":68,"column":2},"end":{"line":73,"column":null}},"24":{"start":{"line":69,"column":4},"end":{"line":72,"column":null}},"25":{"start":{"line":74,"column":2},"end":{"line":74,"column":null}}},"fnMap":{"0":{"name":"constructor","decl":{"start":{"line":10,"column":2},"end":{"line":10,"column":null}},"loc":{"start":{"line":14,"column":4},"end":{"line":17,"column":null}},"line":14},"1":{"name":"requireAuth","decl":{"start":{"line":21,"column":22},"end":{"line":21,"column":54}},"loc":{"start":{"line":21,"column":54},"end":{"line":30,"column":null}},"line":21},"2":{"name":"requireRole","decl":{"start":{"line":33,"column":22},"end":{"line":33,"column":34}},"loc":{"start":{"line":33,"column":81},"end":{"line":42,"column":null}},"line":33},"3":{"name":"requirePermission","decl":{"start":{"line":45,"column":22},"end":{"line":45,"column":40}},"loc":{"start":{"line":45,"column":88},"end":{"line":54,"column":null}},"line":45},"4":{"name":"requireClienteOwner","decl":{"start":{"line":57,"column":22},"end":{"line":57,"column":42}},"loc":{"start":{"line":57,"column":79},"end":{"line":75,"column":null}},"line":57}},"branchMap":{"0":{"loc":{"start":{"line":13,"column":4},"end":{"line":13,"column":null}},"type":"default-arg","locations":[{"start":{"line":13,"column":41},"end":{"line":13,"column":null}}],"line":13},"1":{"loc":{"start":{"line":23,"column":2},"end":{"line":25,"column":null}},"type":"if","locations":[{"start":{"line":23,"column":2},"end":{"line":25,"column":null}},{"start":{},"end":{}}],"line":23},"2":{"loc":{"start":{"line":26,"column":2},"end":{"line":28,"column":null}},"type":"if","locations":[{"start":{"line":26,"column":2},"end":{"line":28,"column":null}},{"start":{},"end":{}}],"line":26},"3":{"loc":{"start":{"line":35,"column":2},"end":{"line":40,"column":null}},"type":"if","locations":[{"start":{"line":35,"column":2},"end":{"line":40,"column":null}},{"start":{},"end":{}}],"line":35},"4":{"loc":{"start":{"line":47,"column":2},"end":{"line":52,"column":null}},"type":"if","locations":[{"start":{"line":47,"column":2},"end":{"line":52,"column":null}},{"start":{},"end":{}}],"line":47},"5":{"loc":{"start":{"line":59,"column":2},"end":{"line":59,"column":null}},"type":"if","locations":[{"start":{"line":59,"column":2},"end":{"line":59,"column":null}},{"start":{},"end":{}}],"line":59},"6":{"loc":{"start":{"line":59,"column":6},"end":{"line":59,"column":60}},"type":"binary-expr","locations":[{"start":{"line":59,"column":6},"end":{"line":59,"column":33}},{"start":{"line":59,"column":33},"end":{"line":59,"column":60}}],"line":59},"7":{"loc":{"start":{"line":68,"column":2},"end":{"line":73,"column":null}},"type":"if","locations":[{"start":{"line":68,"column":2},"end":{"line":73,"column":null}},{"start":{},"end":{}}],"line":68},"8":{"loc":{"start":{"line":68,"column":6},"end":{"line":68,"column":66}},"type":"binary-expr","locations":[{"start":{"line":68,"column":6},"end":{"line":68,"column":18}},{"start":{"line":68,"column":18},"end":{"line":68,"column":66}}],"line":68}},"s":{"0":0,"1":0,"2":0,"3":0,"4":0,"5":0,"6":0,"7":0,"8":0,"9":0,"10":0,"11":0,"12":0,"13":0,"14":0,"15":0,"16":0,"17":0,"18":0,"19":0,"20":0,"21":0,"22":0,"23":0,"24":0,"25":0},"f":{"0":0,"1":0,"2":0,"3":0,"4":0},"b":{"0":[0],"1":[0,0],"2":[0,0],"3":[0,0],"4":[0,0],"5":[0,0],"6":[0,0],"7":[0,0],"8":[0,0]},"meta":{"lastBranch":9,"lastFunction":5,"lastStatement":26,"seen":{"f:10:2:10:Infinity":0,"b:13:41:13:Infinity":0,"s:15:4:15:Infinity":0,"s:12:20:12:Infinity":1,"s:13:20:13:41":2,"s:16:4:16:Infinity":3,"f:21:22:21:54":1,"s:22:18:22:41":4,"b:23:2:25:Infinity:undefined:undefined:undefined:undefined":1,"s:23:2:25:Infinity":5,"s:24:4:24:Infinity":6,"b:26:2:28:Infinity:undefined:undefined:undefined:undefined":2,"s:26:2:28:Infinity":7,"s:27:4:27:Infinity":8,"s:29:2:29:Infinity":9,"f:33:22:33:34":2,"s:34:18:34:Infinity":10,"b:35:2:40:Infinity:undefined:undefined:undefined:undefined":3,"s:35:2:40:Infinity":11,"s:36:4:39:Infinity":12,"s:41:2:41:Infinity":13,"f:45:22:45:40":3,"s:46:18:46:Infinity":14,"b:47:2:52:Infinity:undefined:undefined:undefined:undefined":4,"s:47:2:52:Infinity":15,"s:48:4:51:Infinity":16,"s:53:2:53:Infinity":17,"f:57:22:57:42":4,"s:58:18:58:Infinity":18,"b:59
[...]
"start":{"line":94,"column":8},"end":{"line":94,"column":null}},"30":{"start":{"line":97,"column":22},"end":{"line":97,"column":null}},"31":{"start":{"line":98,"column":6},"end":{"line":101,"column":null}},"32":{"start":{"line":102,"column":6},"end":{"line":102,"column":null}},"33":{"start":{"line":106,"column":2},"end":{"line":106,"column":null}},"34":{"start":{"line":116,"column":19},"end":{"line":116,"column":52}},"35":{"start":{"line":117,"column":17},"end":{"line":117,"column":null}},"36":{"start":{"line":120,"column":31},"end":{"line":125,"column":null}},"37":{"start":{"line":127,"column":2},"end":{"line":129,"column":null}},"38":{"start":{"line":128,"column":4},"end":{"line":128,"column":null}},"39":{"start":{"line":131,"column":20},"end":{"line":131,"column":null}},"40":{"start":{"line":132,"column":34},"end":{"line":132,"column":null}},"41":{"start":{"line":134,"column":2},"end":{"line":201,"column":null}},"42":{"start":{"line":135,"column":22},"end":{"line":135,"column":null}},"43":{"start":{"line":136,"column":22},"end":{"line":136,"column":null}},"44":{"start":{"line":139,"column":31},"end":{"line":139,"column":null}},"45":{"start":{"line":142,"column":26},"end":{"line":156,"column":null}},"46":{"start":{"line":158,"column":4},"end":{"line":166,"column":null}},"47":{"start":{"line":159,"column":6},"end":{"line":164,"column":null}},"48":{"start":{"line":160,"column":8},"end":{"line":163,"column":null}},"49":{"start":{"line":165,"column":6},"end":{"line":165,"column":null}},"50":{"start":{"line":169,"column":81},"end":{"line":169,"column":null}},"51":{"start":{"line":170,"column":4},"end":{"line":181,"column":null}},"52":{"start":{"line":171,"column":24},"end":{"line":171,"column":null}},"53":{"start":{"line":172,"column":6},"end":{"line":176,"column":null}},"54":{"start":{"line":177,"column":6},"end":{"line":180,"column":null}},"55":{"start":{"line":178,"column":8},"end":{"line":178,"column":null}},"56":{"start":{"line":179,"column":8},"end":{"line":179,"column":null}},"57":{"start":{"line":184,"column":4},"end":{"line":190,"column":null}},"58":{"start":{"line":185,"column":24},"end":{"line":185,"column":null}},"59":{"start":{"line":186,"column":6},"end":{"line":189,"column":null}},"60":{"start":{"line":193,"column":4},"end":{"line":200,"column":null}},"61":{"start":{"line":203,"column":2},"end":{"line":205,"column":null}},"62":{"start":{"line":204,"column":4},"end":{"line":204,"column":null}},"63":{"start":{"line":206,"column":2},"end":{"line":206,"column":null}},"64":{"start":{"line":210,"column":184},"end":{"line":210,"column":null}},"65":{"start":{"line":213,"column":2},"end":{"line":220,"column":null}},"66":{"start":{"line":214,"column":4},"end":{"line":219,"column":null}},"67":{"start":{"line":215,"column":18},"end":{"line":215,"column":null}},"68":{"start":{"line":216,"column":6},"end":{"line":216,"column":null}},"69":{"start":{"line":218,"column":6},"end":{"line":218,"column":null}},"70":{"start":{"line":221,"column":2},"end":{"line":221,"column":null}},"71":{"start":{"line":236,"column":2},"end":{"line":236,"column":null}},"72":{"start":{"line":236,"column":44},"end":{"line":236,"column":null}},"73":{"start":{"line":238,"column":2},"end":{"line":243,"column":null}},"74":{"start":{"line":239,"column":23},"end":{"line":239,"column":null}},"75":{"start":{"line":240,"column":4},"end":{"line":242,"column":null}},"76":{"start":{"line":241,"column":6},"end":{"line":241,"column":null}},"77":{"start":{"line":245,"column":2},"end":{"line":245,"column":null}},"78":{"start":{"line":253,"column":2},"end":{"line":253,"column":null}},"79":{"start":{"line":253,"column":28},"end":{"line":253,"column":null}},"80":{"start":{"line":254,"column":2},"end":{"line":254,"column":null}},"81":{"start":{"line":254,"column":32},"end":{"line":254,"column":null}},"82":{"start":{"line":256,"column":2},"end":{"line":256,"column":null}},"83":{"start":{"line":256,"column":55},"end":{"line":256,"column":null}},"84":{"start":{"line":258,"column":17},"end":{"line":258,"column":null}},"85":{"start":{"line":259,"column":17},"end":{"line":259,"column":null}},"86":{"start":{"line":261,"column":2},"end":{"line":268,"column":null}},"87":{"start":{"line":262,"column":18},"end":{"line":262,"column":null}},"88":{"start":{"line":263,"column":22},"end":{"line":263,"column":null}},"89":{"start":{"line":264,"column":19},"end":{"line":264,"column":null}},"90":{"start":{"line":265,"column":18},"end":{"line":265,"column":null}},"91":{"start":{"line":266,"column":18},"end":{"line":266,"column":null}},"92":{"start":{"line":267,"column":13},"end":{"line":267,"column":null}}},"fnMap":{"0":{"name":"dispatchAutomation","decl":{"start":{"line":14,"column":22},"end":{"line":14,"column":null}},"loc":{"start":{"line":19,"column":48},"end":{"line":49,"column":null}},"line":19},"1":{"name":"dispatchProcessarFila","decl":{"start":{"line":54,"column":22},"end":{"line":54,"column":null}},"loc":{"start":{"line":57,"column":3},"end":{"line":107,"column":null}},"line":57},"2":{"name":"processarEvento","decl":{"start":{"line":112,"column":15},"end":{"line":112,"column":null}},"loc":{"start":{"line":115,"column":46},"end":{"line":207,"column":null}},"line":115},"3":{"name":"executarAca","decl":{"start":{"line":212,"column":15},"end":{"line":212,"column":27}},"loc":{"start":{"line":212,"column":179},"end":{"line":222,"column":null}},"line":212},"4":{"name":"avaliarCondicoes","decl":{"start":{"line":227,"column":9},"end":{"line":227,"column":null}},"loc":{"start":{"line":235,"column":11},"end":{"line":246,"column":null}},"line":235},"5":{"name":"avaliarUmaCond","decl":{"start":{"line":248,"column":9},"end":{"line":248,"column":null}},"loc":{"start":{"line":252,"column":11},"end":{"line":269,"column":null}},"line":252}},"branchMap":{"0":{"loc":{"start":{"line":38,"column":4},"end":{"line":41,"column":null}},"type":"if","locations":[{"start":{"line":38,"column":4},"end":{"line":41,"column":null}},{"start":{},"end":{}}],"line":38},"1":{"loc":{"start":{"line":45,"column":20},"end":{"line":45,"column":null}},"type":"cond-expr","locations":[{"start":{"line":45,"column":43},"end":{"line":45,"column":57}},{"start":{"line":45,"column":57},"end":{"line":45,"column":null}}],"line":45},"2":{"loc":{"start":{"line":64,"column":2},"end":{"line":64,"column":null}},"type":"if","locations":[{"start":{"line":64,"column":2},"end":{"line":64,"column":null}},{"start":{},"end":{}}],"line":64},"3":{"loc":{"start":{"line":64,"column":6},"end":{"line":64,"column":58}},"type":"binary-expr","locations":[{"start":{"line":64,"column":6},"end":{"line":64,"column":15}},{"start":{"line":64,"column":15},"end":{"line":64,"column":25}},{"start":{"line":64,"column":25},"end":{"line":64,"column":58}}],"line":64},"4":{"loc":{"start":{"line":74,"column":6},"end":{"line":95,"column":null}},"type":"if","locations":[{"start":{"line":74,"column":6},"end":{"line":95,"column":null}},{"start":{"line":89,"column":13},"end":{"line":95,"column":null}}],"line":74},"5":{"loc":{"start":{"line":75,"column":30},"end":{"line":75,"column":null}},"type":"binary-expr","locations":[{"start":{"line":75,"column":30},"end":{"line":75,"column":53}},{"start":{"line":75,"column":53},"end":{"line":75,"column":null}}],"line":75},"6":{"loc":{"start":{"line":76,"column":33},"end":{"line":76,"column":null}},"type":"binary-expr","locations":[{"start":{"line":76,"column":33},"end":{"line":76,"column":52}},{"start":{"line":76,"column":52},"end":{"line":76,"column":null}}],"line":76},"7":{"loc":{"start":{"line":77,"column":8},"end":{"line":87,"column":null}},"type":"if","locations":[{"start":{"line":77,"column":8},"end":{"line":87,"column":null}},{"start":{"line":82,"column":15},"end":{"line":87,"column":null}}],"line":77},"8":{"loc":{"start":{"line":97,"column":22},"end":{"line":97,"column":null}},"type":"cond-expr","locations":[{"start":{"line":97,"column":45},"end":{"line":97,"column":59}},{"start":{"line":97,"column":59},"end":{"line":97,"column":null}}],"line":97},"9":{"loc":{"start":{"line":127,"column":2},"end":{"line":129,"column":null}},"type":"if","locations":[{"start":{"line":127,"column":2},"end":{"line":129,"column":null}},{"start":{},"end":{}}],"line":127},"10":{"loc":{"start":{"line":127,"column":6},"end":{"line":127,"column":46}},"type":"binary-expr","locations":[{"start":{"line":127,"column":6},"end":{"line":127,"column":21}},{"start":{"line":127,"column":21},"end":{"line":127,"column":46}}],"line":127},"11":{"loc":{"start":{"line":135,"column":22},"end":{"line":135,"column":null}},"type":"binary-expr","locations":[{"start":{"line":135,"column":22},"end":{"line":135,"column":42}},{"start":{"line":135,"column":42},"end":{"line":135,"column":null}}],"line":135},"12":{"loc":{"start":{"line":136,"column":22},"end":{"line":136,"column":null}},"type":"binary-expr","locations":[{"start":{"line":136,"column":22},"end":{"line":136,"column":38}},{"start":{"line":136,"column":38},"end":{"line":136,"column":null}}],"line":136},"13":{"loc":{"start":{"line":158,"column":4},"end":{"line":166,"column":null}},"type":"if","locations":[{"start":{"line":158,"column":4},"end":{"line":166,"column":null}},{"start":{},"end":{}}],"line":158},"14":{"loc":{"start":{"line":159,"column":6},"end":{"line":164,"column":null}},"type":"if","locations":[{"start":{"line":159,"column":6},"end":{"line":164,"column":null}},{"start":{},"end":{}}],"line":159},"15":{"loc":{"start":{"line":177,"column":6},"end":{"line":180,"column":null}},"type":"if","locations":[{"start":{"line":177,"column":6},"end":{"line":180,"column":null}},{"start":{},"end":{}}],"line":177},"16":{"loc":{"start":{"line":179,"column":21},"end":{"line":179,"column":null}},"type":"binary-expr","locations":[{"start":{"line":179,"column":21},"end":{"line":179,"column":39}},{"start":{"line":179,"column":39},"end":{"line":179,"column":null}}],"line":179},"17":{"loc":{"start":{"line":184,"column":4},"end":{"line":190,"column":null}},"type":"if","locations":[{"start":{"line":184,"column":4},"end":{"line":190,"column":null}},{"start":{},"end":{}}],"line":184},"18":{"loc":{"start":{"line":185,"column":24},"end":{"line":185,"column":null}},"type":"cond-expr","locations":[{"start":{"line":185,"column":38},"end":{"line":185,"column":56}},{"start":{"line":185,"column":56},"end":{"line":185,"column":null}}],"line":185},"19":{"loc":{"start":{"line":198,"column":20},"end":{"line":198,"column":null}},"type":"cond-expr","locations":[{"start":{"line":198,"column":34},"end":{"line":198,"column":58}},{"start":{"line":198,"column":58},"end":{"line":198,"column":null}}],"line":198},"20":{"loc":{"start":{"line":203,"column":2},"end":{"line":205,"column":null}},"type":"if","locations":[{"start":{"line":203,"column":2},"end":{"line":205,"column":null}},{"start":{},"end":{}}],"line":203},"21":{"loc":{"start":{"line":204,"column":36},"end":{"line":204,"column":60}},"type":"binary-expr","locations":[{"start":{"line":204,"column":36},"end":{"line":204,"column":50}},{"start":{"line":204,"column":50},"end":{"line":204,"column":60}}],"line":204},"22":{"loc":{"start":{"line":213,"column":2},"end":{"line":220,"column":null}},"type":"if","locations":[{"start":{"line":213,"column":2},"end":{"line":220,"column":null}},{"start":{},"end":{}}],"line":213},"23":{"loc":{"start":{"line":236,"column":2},"end":{"line":236,"column":null}},"type":"if","locations":[{"start":{"line":236,"column":2},"end":{"line":236,"column":null}},{"start":{},"end":{}}],"line":236},"24":{"loc":{"start":{"line":236,"column":6},"end":{"line":236,"column":44}},"type":"binary-expr","locations":[{"start":{"line":236,"column":6},"end":{"line":236,"column":20}},{"start":{"line":236,"column":20},"end":{"line":236,"column":44}}],"line":236},"25":{"loc":{"start":{"line":239,"column":23},"end":{"line":239,"column":null}},"type":"binary-expr","locations":[{"start":{"line":239,"column":23},"end":{"line":239,"column":43}},{"start":{"line":239,"column":43},"end":{"line":239,"column":null}}],"line":239},"26":{"loc":{"start":{"line":240,"column":4},"end":{"line":242,"column":null}},"type":"if","locations":[{"start":{"line":240,"column":4},"end":{"line":242,"column":null}},{"start":{},"end":{}}],"line":240},"27":{"loc":{"start":{"line":253,"column":2},"end":{"line":253,"column":null}},"type":"if","locations":[{"start":{"line":253,"column":2},"end":{"line":253,"column":null}},{"start":{},"end":{}}],"line":253},"28":{"loc":{"start":{"line":253,"column":35},"end":{"line":253,"column":null}},"type":"binary-expr","locations":[{"start":{"line":253,"column":35},"end":{"line":253,"column":58}},{"start":{"line":253,"column":58},"end":{"line":253,"column":86}},{"start":{"line":253,"column":86},"end":{"line":253,"column":null}}],"line":253},"29":{"loc":{"start":{"line":254,"column":2},"end":{"line":254,"column":null}},"type":"if","locations":[{"start":{"line":254,"column":2},"end":{"line":254,"column":null}},{"start":{},"end":{}}],"line":254},"30":{"loc":{"start":{"line":254,"column":39},"end":{"line":254,"column":null}},"type":"binary-expr","locations":[{"start":{"line":254,"column":39},"end":{"line":254,"column":62}},{"start":{"line":254,"column":62},"end":{"line":254,"column":90}},{"start":{"line":254,"column":90},"end":{"line":254,"column":null}}],"line":254},"31":{"loc":{"start":{"line":256,"column":2},"end":{"line":256,"column":null}},"type":"if","locations":[{"start":{"line":256,"column":2},"end":{"line":256,"column":null}},{"start":{},"end":{}}],"line":256},"32":{"loc":{"start":{"line":256,"column":6},"end":{"line":256,"column":55}},"type":"binary-expr","locations":[{"start":{"line":256,"column":6},"end":{"line":256,"column":29}},{"start":{"line":256,"column":29},"end":{"line":256,"column":55}}],"line":256},"33":{"loc":{"start":{"line":261,"column":2},"end":{"line":268,"column":null}},"type":"switch","locations":[{"start":{"line":262,"column":4},"end":{"line":262,"column":null}},{"start":{"line":263,"column":4},"end":{"line":263,"column":null}},{"start":{"line":264,"column":4},"end":{"line":264,"column":null}},{"start":{"line":265,"column":4},"end":{"line":265,"column":null}},{"start":{"line":266,"column":4},"end":{"line":266,"column":null}},{"start":{"line":267,"column":4},"end":{"line":267,"column":null}}],"line":261}},"s":{"0":0,"1":0,"2":0,"3":0,"4":0,"5":0,"6":0,"7":0,"8":0,"9":0,"10":0,"11":0,"12":0,"13":0,"14":0,"15":0,"16":0,"17":0,"18":0,"19":0,"20":0,"21":0,"22":0,"23":0,"24":0,"25":0,"26":0,"27":0,"28":0,"29":0,"30":0,"31":0,"32":0,"33":0,"34":0,"35":0,"36":0,"37":0,"38":0,"39":0,"40":0,"41":0,"42":0,"43":0,"44":0,"45":0,"46":0,"47":0,"48":0,"49":0,"50":0,"51":0,"52":0,"53":0,"54":0,"55":0,"56":0,"57":0,"58":0,"59":0,"60":0,"61":0,"62":0,"63":0,"64":0,"65":0,"66":0,"67":0,"68":0,"69":0,"70":0,"71":0,"72":0,"73":0,"74":0,"75":0,"76":0,"77":0,"78":0,"79":0,"80":0,"81":0,"82":0,"83":0,"84":0,"85":0,"86":0,"87":0,"88":0,"89":0,"90":0,"91":0,"92":0},"f":{"0":0,"1":0,"2":0,"3":0,"4":0,"5":0},"b":{"0":[0,0],"1":[0,0],"2":[0,0],"3":[0,0,0],"4":[0,0],"5":[0,0],"6":[0,0],"7":[0,0],"8":[0,0],"9":[0,0],"10":[0,0],"11":[0,0],"12":[0,0],"13":[0,0],"14":[0,0],"15":[0,0],"16":[0,0],"17":[0,0],"18":[0,0],"19":[0,0],"20":[0,0],"21":[0,0],"22":[0,0],"23":[0,0],"24":[0,0],"25":[0,0],"26":[0,0],"27":[0,0],"28":[0,0,0],"29":[0,0],"30":[0,0,0],"31":[0,0],"32":[0,0],"33":[0,0,0,0,0,0]},"meta":{"lastBranch":34,"lastFunction":6,"lastStatement":93,"seen":{"f:14:22:14:Infinity":0,"s:20:2:48:Infinity":0,"s:21:21:21:54":1,"s:23:44:29:Infinity":2,"s:31:22:36:Infinity":3,"b:38:4:41:Infinity:undefined:undefined:undefined:undefined":0,"s:38:4:41:Infinity":4,"s:39:6:39:Infinity":5,"s:40:6:40:Infinity":6,"s:43:4:43:Infinity":7,"s:45:20:45:Infinity":8,"b:45:43:45:57:45:57:45:Infinity":1,"s:46:4:46:Infinity":9,"s:47:4:47:Infinity":10,"f:54:22:54:Infinity":1,"s:58:19:58:52":11,"s:61:32:62:Infinity":12,"b:64:2:64:Infinity:undefined:undefined:undefined:undefined":2,"s:64:2:64:Infinity":13,"b:64:6:64:15:64:15:64:25:64:25:64:58":3,"s:64:58:64:Infinity":14,"s:66:20:66:Infinity":15,"s:67:14:67:Infinity":16,"s:69:2:104:Infinity":17,"s:70:4:103:Infinity":18,"s:71:22:71:Infinity":19,"s:72:24:72:Infinity":20,"b:74:6:95:Infinity:89:13:95:Infinity":4,"s:74:6:95:Infinity":21,"s:75:30:75:Infinity":22,"b:75:30:75:53:75:53:75:Infinity":5,"s:76:33:76:Infinity":23,"b:76:33:76:52:76:52:76:Infinity":6,"b:77:8:87:Infinity:82:15:87:Infinity":7,"s:77:8:87:Infinity":24,"s:78:10:81:Infinity":25,"s:83:10:86:Infinity":26,"s:88:8:88:Infinity":27,"s:90:8:93:Infinity":28,"s:94:8:94:Infinity":29,"s:97:22:97:Infinity":30,"b:97:45:97:59:97:59:97:Infinity":8,"s:98:6:101:Infinity":31,"s:102:6:102:Infinity":32,"s:106:2:106:Infinity":33,"f:112:15:112:Infinity":2,"s:116:19:116:52":34,"s:117:17:117:Infinity":35,"s:120:31:125:Infinity":36,"b:127:2:129:Infinity:undefined:undefined:undefined:undefined":9,"s:127:2:129:Infinity":37,"b:127:6:127:21:127:21:127:46":10,"s:128:4:128:Infinity":38,"s:131:20:131:Infinity":39,"s:132:34:132:Infinity":40,"s:134:2:201:Infinity":41,"s:135:22:135:Infinity":42,"b:135:22:135:42:135:42:135:Infinity":11,"s:136:22:136:Infinity":43,"b:136:22:136:38:136:38:136:Infinity":12,"s:139:31:139:Infinity":44,"s:142:26:156:Infinity":45,"b:158:4:166:Infinity:undefined:undefined:undefined:undefined":13,"s:158:4:166:Infinity":46,"b:159:6:164:Infinity:undefined:undefined:undefined:undefined":14,"s:159:6:164:Infinity":47,"s:160:8:163:Infinity":48,"s:165:6:165:Infinity":49,"s:169:81:169:Infinity":50,"s:170:4:181:Infinity":51,"s:171:24:171:Infinity":52,"s:172:6:176:Infinity":53,"b:177:6:180:Infinity:undefined:undefined:undefined:undefined":15,"s:177:6:180:Infinity":54,"s:178:8:178:Infinity":55,"s:179:8:179:Infinity":56,"b:179:21:179:39:179:39:179:Infinity":16,"b:184:4:190:Infinity:undefined:undefined:undefined:undefined":17,"s:184:4:190:Infinity":57,"s:185:24:185:Infinity":58,"b:185:38:185:56:185:56:185:Infinity":18,"s:186:6:189:Infinity":59,"s:193:4:200:Infinity":60,"b:198:34:198:58:198:58:198:Infinity":19,"b:203:2:205:Infinity:undefined:undefined:undefined:undefined":20,"s:203:2:205:Infinity":61,"s:204:4:204:Infinity":62,"b:204:36:204:50:204:50:204:60":21,"s:206:2:206:Infinity":63,"s:210:184:210:Infinity":64,"f:212:15:212:27":3,"b:213:2:220:Infinity:undefined:undefined:undefined:undefined":22,"s:213:2:220:Infinity":65,"s:214:4:219:Infinity":66,"s:215:18:215:Infinity":67,"s:216:6:216:Infinity":68,"s:218:6:218:Infinity":69,"s:221:2:221:Infinity":70,"f:227:9:227:Infinity":4,"b:236:2:236:Infinity:undefined:undefined:undefined:undefined":23,"s:236:2:236:Infinity":71,"b:236:6:236:20:236:20:236:44":24,"s:236:44:236:Infinity":72,"s:238:2:243:Infinity":73,"s:239:23:239:Infinity":74,"b:239:23:239:43:239:43:239:Infinity":25,"b:240:4:242:Infinity:undefined:undefined:undefined:undefined":26,"s:240:4:242:Infinity":75,"s:241:6:241:Infinity":76,"s:245:2:245:Infinity":77,"f:248:9:248:Infinity":5,"b:253:2:253:Infinity:undefined:undefined:undefined:undefined":27,"s:253:2:253:Infinity":78,"s:253:28:253:Infinity":79,"b:253:35:253:58:253:58:253:86:253:86:253:Infinity":28,"b:254:2:254:Infinity:undefined:undefined:undefined:undefined":29,"s:254:2:254:Infinity":80,"s:254:32:254:Infinity":81,"b:254:39:254:62:254:62:254:90:254:90:254:Infinity":30,"b:256:2:256:Infinity:undefined:undefined:undefined:undefined":31,"s:256:2:256:Infinity":82,"b:256:6:256:29:256:29:256:55":32,"s:256:55:256:Infinity":83,"s:258:17:258:Infinity":84,"s:259:17:259:Infinity":85,"b:262:4:262:Infinity:263:4:263:Infinity:264:4:264:Infinity:265:4:265:Infinity:266:4:266:Infinity:267:4:267:Infinity":33,"s:261:2:268:Infinity":86,"s:262:18:262:Infinity":87,"s:263:22:263:Infinity":88,"s:264:19:264:Infinity":89,"s:265:18:265:Infinity":90,"s:266:18:266:Infinity":91,"s:267:13:267:Infinity":92},"fnNames":{}}}
,"D:\\Documentos\\New OpenCode Project\\src\\lib\\automation\\types.ts": {"path":"D:\\Documentos\\New OpenCode Project\\src\\lib\\automation\\types.ts","statementMap":{},"fnMap":{},"branchMap":{},"s":{},"f":{},"b":{},"meta":{"lastBranch":0,"lastFunction":0,"lastStatement":0,"seen":{},"fnNames":{}}}
}
